# JRE version: OpenJDK Runtime Environment (21.0.8) (build 21.0.8+-14196175-b1038.72)
# Java VM: OpenJDK 64-Bit Server VM (21.0.8+-14196175-b1038.72, mixed mode, tiered, compressed oops, compressed class ptrs, g1 gc, windows-amd64)
GC Precious Log:
 CardTable entry size: 512
 Card Set container configuration: InlinePtr #cards 5 size 8 Array Of Cards #cards 12 size 40 Howl #buckets 4 coarsen threshold 1843 Howl Bitmap #cards 512 size 80 coarsen threshold 460 Card regions per heap region 1 cards per card region 2048
 CPUs: 8 total, 8 available
 Memory: 7880M
 Large Page Support: Disabled
 NUMA Support: Disabled
 Compressed Oops: Enabled (32-bit)
 Heap Region Size: 1M
 Heap Min Capacity: 8M
 Heap Initial Capacity: 124M
 Heap Max Capacity: 2G
 Pre-touch: Disabled
 Parallel Workers: 8
 Concurrent Workers: 2
 Concurrent Refinement Workers: 8
 Periodic GC: Disabled
Heap:
 garbage-first heap   total 165888K, used 144600K [0x0000000080000000, 0x0000000100000000)
  region size 1024K, 50 young (51200K), 5 survivors (5120K)
 Metaspace       used 108176K, committed 110336K, reserved 1179648K
  class space    used 15215K, committed 16256K, reserved 1048576K
GC Heap History (20 events):
Event: 21.710 GC heap before
{Heap before GC invocations=36 (full 0):
 garbage-first heap   total 124928K, used 115942K [0x0000000080000000, 0x0000000100000000)
  region size 1024K, 38 young (38912K), 2 survivors (2048K)
 Metaspace       used 79949K, committed 81728K, reserved 1179648K
  class space    used 11042K, committed 11904K, reserved 1048576K
}
Event: 21.717 GC heap after
{Heap after GC invocations=37 (full 0):
 garbage-first heap   total 124928K, used 79866K [0x0000000080000000, 0x0000000100000000)
  region size 1024K, 5 young (5120K), 5 survivors (5120K)
 Metaspace       used 79949K, committed 81728K, reserved 1179648K
  class space    used 11042K, committed 11904K, reserved 1048576K
}
Event: 22.371 GC heap before
{Heap before GC invocations=37 (full 0):
 garbage-first heap   total 124928K, used 112634K [0x0000000080000000, 0x0000000100000000)
  region size 1024K, 37 young (37888K), 5 survivors (5120K)
 Metaspace       used 82516K, committed 84352K, reserved 1179648K
  class space    used 11390K, committed 12288K, reserved 1048576K
}
Event: 22.378 GC heap after
{Heap after GC invocations=38 (full 0):
 garbage-first heap   total 124928K, used 82006K [0x0000000080000000, 0x0000000100000000)
  region size 1024K, 2 young (2048K), 2 survivors (2048K)
 Metaspace       used 82516K, committed 84352K, reserved 1179648K
  class space    used 11390K, committed 12288K, reserved 1048576K
}
Event: 23.176 GC heap before
{Heap before GC invocations=39 (full 0):
 garbage-first heap   total 138240K, used 112726K [0x0000000080000000, 0x0000000100000000)
  region size 1024K, 33 young (33792K), 2 survivors (2048K)
 Metaspace       used 85223K, committed 87040K, reserved 1179648K
  class space    used 11752K, committed 12672K, reserved 1048576K
}
Event: 23.180 GC heap after
{Heap after GC invocations=40 (full 0):
 garbage-first heap   total 138240K, used 83149K [0x0000000080000000, 0x0000000100000000)
  region size 1024K, 3 young (3072K), 3 survivors (3072K)
 Metaspace       used 85223K, committed 87040K, reserved 1179648K
  class space    used 11752K, committed 12672K, reserved 1048576K
}
Event: 24.747 GC heap before
{Heap before GC invocations=40 (full 0):
 garbage-first heap   total 138240K, used 128205K [0x0000000080000000, 0x0000000100000000)
  region size 1024K, 44 young (45056K), 3 survivors (3072K)
 Metaspace       used 89608K, committed 91456K, reserved 1179648K
  class space    used 12366K, committed 13248K, reserved 1048576K
}
Event: 24.754 GC heap after
{Heap after GC invocations=41 (full 0):
 garbage-first heap   total 138240K, used 87942K [0x0000000080000000, 0x0000000100000000)
  region size 1024K, 6 young (6144K), 6 survivors (6144K)
 Metaspace       used 89608K, committed 91456K, reserved 1179648K
  class space    used 12366K, committed 13248K, reserved 1048576K
}
Event: 25.765 GC heap before
{Heap before GC invocations=41 (full 0):
 garbage-first heap   total 138240K, used 122758K [0x0000000080000000, 0x0000000100000000)
  region size 1024K, 40 young (40960K), 6 survivors (6144K)
 Metaspace       used 91931K, committed 93824K, reserved 1179648K
  class space    used 12732K, committed 13632K, reserved 1048576K
}
Event: 25.773 GC heap after
{Heap after GC invocations=42 (full 0):
 garbage-first heap   total 138240K, used 89673K [0x0000000080000000, 0x0000000100000000)
  region size 1024K, 4 young (4096K), 4 survivors (4096K)
 Metaspace       used 91931K, committed 93824K, reserved 1179648K
  class space    used 12732K, committed 13632K, reserved 1048576K
}
Event: 26.916 GC heap before
{Heap before GC invocations=43 (full 0):
 garbage-first heap   total 150528K, used 125513K [0x0000000080000000, 0x0000000100000000)
  region size 1024K, 39 young (39936K), 4 survivors (4096K)
 Metaspace       used 92710K, committed 94592K, reserved 1179648K
  class space    used 12839K, committed 13760K, reserved 1048576K
}
Event: 26.922 GC heap after
{Heap after GC invocations=44 (full 0):
 garbage-first heap   total 150528K, used 94052K [0x0000000080000000, 0x0000000100000000)
  region size 1024K, 5 young (5120K), 5 survivors (5120K)
 Metaspace       used 92710K, committed 94592K, reserved 1179648K
  class space    used 12839K, committed 13760K, reserved 1048576K
}
Event: 27.911 GC heap before
{Heap before GC invocations=44 (full 0):
 garbage-first heap   total 150528K, used 137060K [0x0000000080000000, 0x0000000100000000)
  region size 1024K, 47 young (48128K), 5 survivors (5120K)
 Metaspace       used 95225K, committed 97088K, reserved 1179648K
  class space    used 13163K, committed 14080K, reserved 1048576K
}
Event: 27.918 GC heap after
{Heap after GC invocations=45 (full 0):
 garbage-first heap   total 150528K, used 96166K [0x0000000080000000, 0x0000000100000000)
  region size 1024K, 5 young (5120K), 5 survivors (5120K)
 Metaspace       used 95225K, committed 97088K, reserved 1179648K
  class space    used 13163K, committed 14080K, reserved 1048576K
}
Event: 28.651 GC heap before
{Heap before GC invocations=45 (full 0):
 garbage-first heap   total 150528K, used 126886K [0x0000000080000000, 0x0000000100000000)
  region size 1024K, 36 young (36864K), 5 survivors (5120K)
 Metaspace       used 97772K, committed 99712K, reserved 1179648K
  class space    used 13538K, committed 14464K, reserved 1048576K
}
Event: 28.657 GC heap after
{Heap after GC invocations=46 (full 0):
 garbage-first heap   total 150528K, used 97298K [0x0000000080000000, 0x0000000100000000)
  region size 1024K, 2 young (2048K), 2 survivors (2048K)
 Metaspace       used 97772K, committed 99712K, reserved 1179648K
  class space    used 13538K, committed 14464K, reserved 1048576K
}
Event: 30.105 GC heap before
{Heap before GC invocations=47 (full 0):
 garbage-first heap   total 165888K, used 139282K [0x0000000080000000, 0x0000000100000000)
  region size 1024K, 42 young (43008K), 2 survivors (2048K)
 Metaspace       used 101160K, committed 103104K, reserved 1179648K
  class space    used 14115K, committed 15040K, reserved 1048576K
}
Event: 30.109 GC heap after
{Heap after GC invocations=48 (full 0):
 garbage-first heap   total 165888K, used 98188K [0x0000000080000000, 0x0000000100000000)
  region size 1024K, 3 young (3072K), 3 survivors (3072K)
 Metaspace       used 101160K, committed 103104K, reserved 1179648K
  class space    used 14115K, committed 15040K, reserved 1048576K
}
Event: 51.197 GC heap before
{Heap before GC invocations=48 (full 0):
 garbage-first heap   total 165888K, used 152460K [0x0000000080000000, 0x0000000100000000)
  region size 1024K, 56 young (57344K), 3 survivors (3072K)
 Metaspace       used 105225K, committed 107200K, reserved 1179648K
  class space    used 14772K, committed 15744K, reserved 1048576K
}
Event: 51.205 GC heap after
{Heap after GC invocations=49 (full 0):
 garbage-first heap   total 165888K, used 99544K [0x0000000080000000, 0x0000000100000000)
  region size 1024K, 5 young (5120K), 5 survivors (5120K)
 Metaspace       used 105225K, committed 107200K, reserved 1179648K
  class space    used 14772K, committed 15744K, reserved 1048576K
}

