# JRE version: OpenJDK Runtime Environment (21.0.8) (build 21.0.8+-14196175-b1038.72)
# Java VM: OpenJDK 64-Bit Server VM (21.0.8+-14196175-b1038.72, mixed mode, tiered, compressed oops, compressed class ptrs, g1 gc, windows-amd64)
GC Precious Log:
 CardTable entry size: 512
 Card Set container configuration: InlinePtr #cards 4 size 8 Array Of Cards #cards 16 size 48 Howl #buckets 8 coarsen threshold 3686 Howl Bitmap #cards 512 size 80 coarsen threshold 460 Card regions per heap region 1 cards per card region 4096
 CPUs: 8 total, 8 available
 Memory: 7880M
 Large Page Support: Disabled
 NUMA Support: Disabled
 Compressed Oops: Enabled (Zero based)
 Heap Region Size: 2M
 Heap Min Capacity: 8M
 Heap Initial Capacity: 124M
 Heap Max Capacity: 4G
 Pre-touch: Disabled
 Parallel Workers: 8
 Concurrent Workers: 2
 Concurrent Refinement Workers: 8
 Periodic GC: Disabled
Heap:
 garbage-first heap   total 204800K, used 181308K [0x0000000700000000, 0x0000000800000000)
  region size 2048K, 31 young (63488K), 3 survivors (6144K)
 Metaspace       used 122526K, committed 124736K, reserved 1179648K
  class space    used 17085K, committed 18112K, reserved 1048576K
GC Heap History (20 events):
Event: 34.444 GC heap before
{Heap before GC invocations=41 (full 0):
 garbage-first heap   total 161792K, used 132491K [0x0000000700000000, 0x0000000800000000)
  region size 2048K, 20 young (40960K), 2 survivors (4096K)
 Metaspace       used 96321K, committed 98304K, reserved 1179648K
  class space    used 13315K, committed 14272K, reserved 1048576K
}
Event: 34.450 GC heap after
{Heap after GC invocations=42 (full 0):
 garbage-first heap   total 161792K, used 96925K [0x0000000700000000, 0x0000000800000000)
  region size 2048K, 3 young (6144K), 3 survivors (6144K)
 Metaspace       used 96321K, committed 98304K, reserved 1179648K
  class space    used 13315K, committed 14272K, reserved 1048576K
}
Event: 35.494 GC heap before
{Heap before GC invocations=42 (full 0):
 garbage-first heap   total 161792K, used 141981K [0x0000000700000000, 0x0000000800000000)
  region size 2048K, 26 young (53248K), 3 survivors (6144K)
 Metaspace       used 100199K, committed 102080K, reserved 1179648K
  class space    used 13928K, committed 14848K, reserved 1048576K
}
Event: 35.502 GC heap after
{Heap after GC invocations=43 (full 0):
 garbage-first heap   total 161792K, used 96460K [0x0000000700000000, 0x0000000800000000)
  region size 2048K, 2 young (4096K), 2 survivors (4096K)
 Metaspace       used 100199K, committed 102080K, reserved 1179648K
  class space    used 13928K, committed 14848K, reserved 1048576K
}
Event: 36.489 GC heap before
{Heap before GC invocations=43 (full 0):
 garbage-first heap   total 161792K, used 145612K [0x0000000700000000, 0x0000000800000000)
  region size 2048K, 26 young (53248K), 2 survivors (4096K)
 Metaspace       used 104228K, committed 106240K, reserved 1179648K
  class space    used 14607K, committed 15616K, reserved 1048576K
}
Event: 36.495 GC heap after
{Heap after GC invocations=44 (full 0):
 garbage-first heap   total 161792K, used 98748K [0x0000000700000000, 0x0000000800000000)
  region size 2048K, 3 young (6144K), 3 survivors (6144K)
 Metaspace       used 104228K, committed 106240K, reserved 1179648K
  class space    used 14607K, committed 15616K, reserved 1048576K
}
Event: 37.467 GC heap before
{Heap before GC invocations=45 (full 0):
 garbage-first heap   total 167936K, used 143804K [0x0000000700000000, 0x0000000800000000)
  region size 2048K, 25 young (51200K), 3 survivors (6144K)
 Metaspace       used 106881K, committed 108928K, reserved 1179648K
  class space    used 15045K, committed 16064K, reserved 1048576K
}
Event: 37.475 GC heap after
{Heap after GC invocations=46 (full 0):
 garbage-first heap   total 167936K, used 101344K [0x0000000700000000, 0x0000000800000000)
  region size 2048K, 4 young (8192K), 4 survivors (8192K)
 Metaspace       used 106881K, committed 108928K, reserved 1179648K
  class space    used 15045K, committed 16064K, reserved 1048576K
}
Event: 38.381 GC heap before
{Heap before GC invocations=46 (full 0):
 garbage-first heap   total 167936K, used 146400K [0x0000000700000000, 0x0000000800000000)
  region size 2048K, 26 young (53248K), 4 survivors (8192K)
 Metaspace       used 110031K, committed 112064K, reserved 1179648K
  class space    used 15511K, committed 16512K, reserved 1048576K
}
Event: 38.391 GC heap after
{Heap after GC invocations=47 (full 0):
 garbage-first heap   total 167936K, used 103178K [0x0000000700000000, 0x0000000800000000)
  region size 2048K, 3 young (6144K), 3 survivors (6144K)
 Metaspace       used 110031K, committed 112064K, reserved 1179648K
  class space    used 15511K, committed 16512K, reserved 1048576K
}
Event: 39.448 GC heap before
{Heap before GC invocations=47 (full 0):
 garbage-first heap   total 167936K, used 150282K [0x0000000700000000, 0x0000000800000000)
  region size 2048K, 26 young (53248K), 3 survivors (6144K)
 Metaspace       used 114243K, committed 116288K, reserved 1179648K
  class space    used 16103K, committed 17088K, reserved 1048576K
}
Event: 39.457 GC heap after
{Heap after GC invocations=48 (full 0):
 garbage-first heap   total 167936K, used 106518K [0x0000000700000000, 0x0000000800000000)
  region size 2048K, 3 young (6144K), 3 survivors (6144K)
 Metaspace       used 114243K, committed 116288K, reserved 1179648K
  class space    used 16103K, committed 17088K, reserved 1048576K
}
Event: 40.267 GC heap before
{Heap before GC invocations=49 (full 0):
 garbage-first heap   total 182272K, used 147478K [0x0000000700000000, 0x0000000800000000)
  region size 2048K, 24 young (49152K), 3 survivors (6144K)
 Metaspace       used 117538K, committed 119552K, reserved 1179648K
  class space    used 16374K, committed 17344K, reserved 1048576K
}
Event: 40.278 GC heap after
{Heap after GC invocations=50 (full 0):
 garbage-first heap   total 182272K, used 111242K [0x0000000700000000, 0x0000000800000000)
  region size 2048K, 3 young (6144K), 3 survivors (6144K)
 Metaspace       used 117538K, committed 119552K, reserved 1179648K
  class space    used 16374K, committed 17344K, reserved 1048576K
}
Event: 41.525 GC heap before
{Heap before GC invocations=50 (full 0):
 garbage-first heap   total 182272K, used 162442K [0x0000000700000000, 0x0000000800000000)
  region size 2048K, 29 young (59392K), 3 survivors (6144K)
 Metaspace       used 120105K, committed 122240K, reserved 1179648K
  class space    used 16834K, committed 17856K, reserved 1048576K
}
Event: 41.542 GC heap after
{Heap after GC invocations=51 (full 0):
 garbage-first heap   total 182272K, used 116985K [0x0000000700000000, 0x0000000800000000)
  region size 2048K, 4 young (8192K), 4 survivors (8192K)
 Metaspace       used 120105K, committed 122240K, reserved 1179648K
  class space    used 16834K, committed 17856K, reserved 1048576K
}
Event: 41.960 GC heap before
{Heap before GC invocations=51 (full 0):
 garbage-first heap   total 182272K, used 162041K [0x0000000700000000, 0x0000000800000000)
  region size 2048K, 26 young (53248K), 4 survivors (8192K)
 Metaspace       used 120118K, committed 122240K, reserved 1179648K
  class space    used 16834K, committed 17856K, reserved 1048576K
}
Event: 41.970 GC heap after
{Heap after GC invocations=52 (full 0):
 garbage-first heap   total 182272K, used 120121K [0x0000000700000000, 0x0000000800000000)
  region size 2048K, 3 young (6144K), 3 survivors (6144K)
 Metaspace       used 120118K, committed 122240K, reserved 1179648K
  class space    used 16834K, committed 17856K, reserved 1048576K
}
Event: 42.993 GC heap before
{Heap before GC invocations=53 (full 0):
 garbage-first heap   total 204800K, used 161081K [0x0000000700000000, 0x0000000800000000)
  region size 2048K, 24 young (49152K), 3 survivors (6144K)
 Metaspace       used 121676K, committed 123840K, reserved 1179648K
  class space    used 17023K, committed 18048K, reserved 1048576K
}
Event: 43.001 GC heap after
{Heap after GC invocations=54 (full 0):
 garbage-first heap   total 204800K, used 121916K [0x0000000700000000, 0x0000000800000000)
  region size 2048K, 3 young (6144K), 3 survivors (6144K)
 Metaspace       used 121676K, committed 123840K, reserved 1179648K
  class space    used 17023K, committed 18048K, reserved 1048576K
}

