# JRE version: OpenJDK Runtime Environment (21.0.8) (build 21.0.8+-14196175-b1038.72)
# Java VM: OpenJDK 64-Bit Server VM (21.0.8+-14196175-b1038.72, mixed mode, tiered, compressed oops, compressed class ptrs, g1 gc, windows-amd64)
GC Precious Log:
 CardTable entry size: 512
 Card Set container configuration: InlinePtr #cards 4 size 8 Array Of Cards #cards 16 size 48 Howl #buckets 8 coarsen threshold 3686 Howl Bitmap #cards 512 size 80 coarsen threshold 460 Card regions per heap region 1 cards per card region 4096
 CPUs: 8 total, 8 available
 Memory: 7880M
 Large Page Support: Disabled
 NUMA Support: Disabled
 Compressed Oops: Enabled (Zero based)
 Heap Region Size: 2M
 Heap Min Capacity: 8M
 Heap Initial Capacity: 124M
 Heap Max Capacity: 4G
 Pre-touch: Disabled
 Parallel Workers: 8
 Concurrent Workers: 2
 Concurrent Refinement Workers: 8
 Periodic GC: Disabled
Heap:
 garbage-first heap   total 116736K, used 104209K [0x0000000700000000, 0x0000000800000000)
  region size 2048K, 23 young (47104K), 3 survivors (6144K)
 Metaspace       used 68654K, committed 70272K, reserved 1114112K
  class space    used 9645K, committed 10432K, reserved 1048576K
GC Heap History (20 events):
Event: 9.972 GC heap after
{Heap after GC invocations=13 (full 0):
 garbage-first heap   total 92160K, used 36259K [0x0000000700000000, 0x0000000800000000)
  region size 2048K, 2 young (4096K), 2 survivors (4096K)
 Metaspace       used 49910K, committed 51264K, reserved 1114112K
  class space    used 6840K, committed 7488K, reserved 1048576K
}
Event: 10.857 GC heap before
{Heap before GC invocations=13 (full 0):
 garbage-first heap   total 92160K, used 79267K [0x0000000700000000, 0x0000000800000000)
  region size 2048K, 23 young (47104K), 2 survivors (4096K)
 Metaspace       used 55502K, committed 56960K, reserved 1114112K
  class space    used 7746K, committed 8448K, reserved 1048576K
}
Event: 10.863 GC heap after
{Heap after GC invocations=14 (full 0):
 garbage-first heap   total 92160K, used 37995K [0x0000000700000000, 0x0000000800000000)
  region size 2048K, 2 young (4096K), 2 survivors (4096K)
 Metaspace       used 55502K, committed 56960K, reserved 1114112K
  class space    used 7746K, committed 8448K, reserved 1048576K
}
Event: 11.326 GC heap before
{Heap before GC invocations=14 (full 0):
 garbage-first heap   total 92160K, used 60523K [0x0000000700000000, 0x0000000800000000)
  region size 2048K, 14 young (28672K), 2 survivors (4096K)
 Metaspace       used 58945K, committed 60416K, reserved 1114112K
  class space    used 8240K, committed 8960K, reserved 1048576K
}
Event: 11.332 GC heap after
{Heap after GC invocations=15 (full 0):
 garbage-first heap   total 92160K, used 39340K [0x0000000700000000, 0x0000000800000000)
  region size 2048K, 2 young (4096K), 2 survivors (4096K)
 Metaspace       used 58945K, committed 60416K, reserved 1114112K
  class space    used 8240K, committed 8960K, reserved 1048576K
}
Event: 12.773 GC heap before
{Heap before GC invocations=16 (full 0):
 garbage-first heap   total 92160K, used 80300K [0x0000000700000000, 0x0000000800000000)
  region size 2048K, 22 young (45056K), 2 survivors (4096K)
 Metaspace       used 64102K, committed 65664K, reserved 1114112K
  class space    used 9095K, committed 9856K, reserved 1048576K
}
Event: 12.780 GC heap after
{Heap after GC invocations=17 (full 0):
 garbage-first heap   total 92160K, used 42431K [0x0000000700000000, 0x0000000800000000)
  region size 2048K, 3 young (6144K), 3 survivors (6144K)
 Metaspace       used 64102K, committed 65664K, reserved 1114112K
  class space    used 9095K, committed 9856K, reserved 1048576K
}
Event: 14.239 GC heap before
{Heap before GC invocations=17 (full 0):
 garbage-first heap   total 92160K, used 79295K [0x0000000700000000, 0x0000000800000000)
  region size 2048K, 21 young (43008K), 3 survivors (6144K)
 Metaspace       used 66994K, committed 68608K, reserved 1114112K
  class space    used 9468K, committed 10240K, reserved 1048576K
}
Event: 14.263 GC heap after
{Heap after GC invocations=18 (full 0):
 garbage-first heap   total 92160K, used 45946K [0x0000000700000000, 0x0000000800000000)
  region size 2048K, 3 young (6144K), 3 survivors (6144K)
 Metaspace       used 66994K, committed 68608K, reserved 1114112K
  class space    used 9468K, committed 10240K, reserved 1048576K
}
Event: 14.820 GC heap before
{Heap before GC invocations=18 (full 0):
 garbage-first heap   total 92160K, used 78714K [0x0000000700000000, 0x0000000800000000)
  region size 2048K, 19 young (38912K), 3 survivors (6144K)
 Metaspace       used 67452K, committed 69056K, reserved 1114112K
  class space    used 9516K, committed 10304K, reserved 1048576K
}
Event: 14.830 GC heap after
{Heap after GC invocations=19 (full 0):
 garbage-first heap   total 92160K, used 49281K [0x0000000700000000, 0x0000000800000000)
  region size 2048K, 2 young (4096K), 2 survivors (4096K)
 Metaspace       used 67452K, committed 69056K, reserved 1114112K
  class space    used 9516K, committed 10304K, reserved 1048576K
}
Event: 15.238 GC heap before
{Heap before GC invocations=19 (full 0):
 garbage-first heap   total 92160K, used 77953K [0x0000000700000000, 0x0000000800000000)
  region size 2048K, 17 young (34816K), 2 survivors (4096K)
 Metaspace       used 67780K, committed 69440K, reserved 1114112K
  class space    used 9546K, committed 10368K, reserved 1048576K
}
Event: 15.242 GC heap after
{Heap after GC invocations=20 (full 0):
 garbage-first heap   total 110592K, used 49955K [0x0000000700000000, 0x0000000800000000)
  region size 2048K, 2 young (4096K), 2 survivors (4096K)
 Metaspace       used 67780K, committed 69440K, reserved 1114112K
  class space    used 9546K, committed 10368K, reserved 1048576K
}
Event: 15.735 GC heap before
{Heap before GC invocations=21 (full 0):
 garbage-first heap   total 110592K, used 97059K [0x0000000700000000, 0x0000000800000000)
  region size 2048K, 25 young (51200K), 2 survivors (4096K)
 Metaspace       used 67937K, committed 69632K, reserved 1114112K
  class space    used 9546K, committed 10368K, reserved 1048576K
}
Event: 15.741 GC heap after
{Heap after GC invocations=22 (full 0):
 garbage-first heap   total 110592K, used 50974K [0x0000000700000000, 0x0000000800000000)
  region size 2048K, 3 young (6144K), 3 survivors (6144K)
 Metaspace       used 67937K, committed 69632K, reserved 1114112K
  class space    used 9546K, committed 10368K, reserved 1048576K
}
Event: 16.027 GC heap before
{Heap before GC invocations=22 (full 0):
 garbage-first heap   total 110592K, used 91934K [0x0000000700000000, 0x0000000800000000)
  region size 2048K, 24 young (49152K), 3 survivors (6144K)
 Metaspace       used 67964K, committed 69632K, reserved 1114112K
  class space    used 9547K, committed 10368K, reserved 1048576K
}
Event: 16.033 GC heap after
{Heap after GC invocations=23 (full 0):
 garbage-first heap   total 110592K, used 50620K [0x0000000700000000, 0x0000000800000000)
  region size 2048K, 2 young (4096K), 2 survivors (4096K)
 Metaspace       used 67964K, committed 69632K, reserved 1114112K
  class space    used 9547K, committed 10368K, reserved 1048576K
}
Event: 16.622 GC heap before
{Heap before GC invocations=23 (full 0):
 garbage-first heap   total 110592K, used 91580K [0x0000000700000000, 0x0000000800000000)
  region size 2048K, 24 young (49152K), 2 survivors (4096K)
 Metaspace       used 68205K, committed 69824K, reserved 1114112K
  class space    used 9578K, committed 10368K, reserved 1048576K
}
Event: 16.627 GC heap after
{Heap after GC invocations=24 (full 0):
 garbage-first heap   total 110592K, used 55057K [0x0000000700000000, 0x0000000800000000)
  region size 2048K, 3 young (6144K), 3 survivors (6144K)
 Metaspace       used 68205K, committed 69824K, reserved 1114112K
  class space    used 9578K, committed 10368K, reserved 1048576K
}
Event: 17.469 GC heap before
{Heap before GC invocations=25 (full 0):
 garbage-first heap   total 110592K, used 102161K [0x0000000700000000, 0x0000000800000000)
  region size 2048K, 23 young (47104K), 3 survivors (6144K)
 Metaspace       used 68654K, committed 70272K, reserved 1114112K
  class space    used 9645K, committed 10432K, reserved 1048576K
}

