# JRE version: OpenJDK Runtime Environment (21.0.8) (build 21.0.8+-14196175-b1038.72)
# Java VM: OpenJDK 64-Bit Server VM (21.0.8+-14196175-b1038.72, mixed mode, tiered, compressed oops, compressed class ptrs, serial gc, windows-amd64)
GC Precious Log:
 CardTable entry size: 512
 CPUs: 8 total, 8 available
 Memory: 7880M
 Large Page Support: Disabled
 NUMA Support: Disabled
 Compressed Oops: Enabled (32-bit)
 Heap Min Capacity: 8M
 Heap Initial Capacity: 124M
 Heap Max Capacity: 2G
 Pre-touch: Disabled
Heap:
 def new generation   total 161984K, used 73185K [0x0000000080000000, 0x000000008afc0000, 0x00000000aaaa0000)
  eden space 144000K,  38% used [0x0000000080000000, 0x000000008365efc8, 0x0000000088ca0000)
  from space 17984K,  97% used [0x0000000089e30000, 0x000000008af494d8, 0x000000008afc0000)
  to   space 17984K,   0% used [0x0000000088ca0000, 0x0000000088ca0000, 0x0000000089e30000)
 tenured generation   total 358608K, used 215163K [0x00000000aaaa0000, 0x00000000c08d4000, 0x0000000100000000)
   the space 358608K,  59% used [0x00000000aaaa0000, 0x00000000b7cbee68, 0x00000000b7cbf000, 0x00000000c08d4000)
 Metaspace       used 207090K, committed 209792K, reserved 1310720K
  class space    used 26425K, committed 27776K, reserved 1048576K
GC Heap History (20 events):
Event: 67.927 GC heap before
{Heap before GC invocations=58 (full 5):
 def new generation   total 102528K, used 95447K [0x0000000080000000, 0x0000000086f30000, 0x00000000aaaa0000)
  eden space 91200K, 100% used [0x0000000080000000, 0x0000000085910000, 0x0000000085910000)
  from space 11328K,  37% used [0x0000000085910000, 0x0000000085d35d30, 0x0000000086420000)
  to   space 11328K,   0% used [0x0000000086420000, 0x0000000086420000, 0x0000000086f30000)
 tenured generation   total 226420K, used 174449K [0x00000000aaaa0000, 0x00000000b87bd000, 0x0000000100000000)
   the space 226420K,  77% used [0x00000000aaaa0000, 0x00000000b54fc550, 0x00000000b54fc600, 0x00000000b87bd000)
 Metaspace       used 195358K, committed 198080K, reserved 1245184K
  class space    used 26241K, committed 27584K, reserved 1048576K
}
Event: 68.006 GC heap after
{Heap after GC invocations=59 (full 5):
 def new generation   total 102528K, used 11327K [0x0000000080000000, 0x0000000086f30000, 0x00000000aaaa0000)
  eden space 91200K,   0% used [0x0000000080000000, 0x0000000080000000, 0x0000000085910000)
  from space 11328K,  99% used [0x0000000086420000, 0x0000000086f2fff8, 0x0000000086f30000)
  to   space 11328K,   0% used [0x0000000085910000, 0x0000000085910000, 0x0000000086420000)
 tenured generation   total 226420K, used 178670K [0x00000000aaaa0000, 0x00000000b87bd000, 0x0000000100000000)
   the space 226420K,  78% used [0x00000000aaaa0000, 0x00000000b591b888, 0x00000000b591ba00, 0x00000000b87bd000)
 Metaspace       used 195358K, committed 198080K, reserved 1245184K
  class space    used 26241K, committed 27584K, reserved 1048576K
}
Event: 73.375 GC heap before
{Heap before GC invocations=59 (full 5):
 def new generation   total 102528K, used 59258K [0x0000000080000000, 0x0000000086f30000, 0x00000000aaaa0000)
  eden space 91200K,  52% used [0x0000000080000000, 0x0000000082ecea10, 0x0000000085910000)
  from space 11328K,  99% used [0x0000000086420000, 0x0000000086f2fff8, 0x0000000086f30000)
  to   space 11328K,   0% used [0x0000000085910000, 0x0000000085910000, 0x0000000086420000)
 tenured generation   total 226420K, used 178670K [0x00000000aaaa0000, 0x00000000b87bd000, 0x0000000100000000)
   the space 226420K,  78% used [0x00000000aaaa0000, 0x00000000b591b888, 0x00000000b591ba00, 0x00000000b87bd000)
 Metaspace       used 196721K, committed 199424K, reserved 1245184K
  class space    used 26395K, committed 27712K, reserved 1048576K
}
Event: 75.511 GC heap after
{Heap after GC invocations=60 (full 6):
 def new generation   total 116352K, used 0K [0x0000000080000000, 0x0000000087e40000, 0x00000000aaaa0000)
  eden space 103424K,   0% used [0x0000000080000000, 0x0000000080000000, 0x0000000086500000)
  from space 12928K,   0% used [0x0000000086500000, 0x0000000086500000, 0x00000000871a0000)
  to   space 12928K,   0% used [0x00000000871a0000, 0x00000000871a0000, 0x0000000087e40000)
 tenured generation   total 257224K, used 154333K [0x00000000aaaa0000, 0x00000000ba5d2000, 0x0000000100000000)
   the space 257224K,  59% used [0x00000000aaaa0000, 0x00000000b4157690, 0x00000000b4157800, 0x00000000ba5d2000)
 Metaspace       used 189049K, committed 194560K, reserved 1245184K
  class space    used 25366K, committed 27328K, reserved 1048576K
}
Event: 79.726 GC heap before
{Heap before GC invocations=60 (full 6):
 def new generation   total 116352K, used 103424K [0x0000000080000000, 0x0000000087e40000, 0x00000000aaaa0000)
  eden space 103424K, 100% used [0x0000000080000000, 0x0000000086500000, 0x0000000086500000)
  from space 12928K,   0% used [0x0000000086500000, 0x0000000086500000, 0x00000000871a0000)
  to   space 12928K,   0% used [0x00000000871a0000, 0x00000000871a0000, 0x0000000087e40000)
 tenured generation   total 257224K, used 154333K [0x00000000aaaa0000, 0x00000000ba5d2000, 0x0000000100000000)
   the space 257224K,  59% used [0x00000000aaaa0000, 0x00000000b4157690, 0x00000000b4157800, 0x00000000ba5d2000)
 Metaspace       used 208038K, committed 210752K, reserved 1245184K
  class space    used 27584K, committed 28928K, reserved 1048576K
}
Event: 79.767 GC heap after
{Heap after GC invocations=61 (full 6):
 def new generation   total 116352K, used 10226K [0x0000000080000000, 0x0000000087e40000, 0x00000000aaaa0000)
  eden space 103424K,   0% used [0x0000000080000000, 0x0000000080000000, 0x0000000086500000)
  from space 12928K,  79% used [0x00000000871a0000, 0x0000000087b9cb48, 0x0000000087e40000)
  to   space 12928K,   0% used [0x0000000086500000, 0x0000000086500000, 0x00000000871a0000)
 tenured generation   total 257224K, used 154333K [0x00000000aaaa0000, 0x00000000ba5d2000, 0x0000000100000000)
   the space 257224K,  59% used [0x00000000aaaa0000, 0x00000000b4157690, 0x00000000b4157800, 0x00000000ba5d2000)
 Metaspace       used 208038K, committed 210752K, reserved 1245184K
  class space    used 27584K, committed 28928K, reserved 1048576K
}
Event: 83.422 GC heap before
{Heap before GC invocations=61 (full 6):
 def new generation   total 116352K, used 113650K [0x0000000080000000, 0x0000000087e40000, 0x00000000aaaa0000)
  eden space 103424K, 100% used [0x0000000080000000, 0x0000000086500000, 0x0000000086500000)
  from space 12928K,  79% used [0x00000000871a0000, 0x0000000087b9cb48, 0x0000000087e40000)
  to   space 12928K,   0% used [0x0000000086500000, 0x0000000086500000, 0x00000000871a0000)
 tenured generation   total 257224K, used 154333K [0x00000000aaaa0000, 0x00000000ba5d2000, 0x0000000100000000)
   the space 257224K,  59% used [0x00000000aaaa0000, 0x00000000b4157690, 0x00000000b4157800, 0x00000000ba5d2000)
 Metaspace       used 226792K, committed 229568K, reserved 1310720K
  class space    used 30038K, committed 31360K, reserved 1048576K
}
Event: 83.487 GC heap after
{Heap after GC invocations=62 (full 6):
 def new generation   total 116352K, used 8583K [0x0000000080000000, 0x0000000087e40000, 0x00000000aaaa0000)
  eden space 103424K,   0% used [0x0000000080000000, 0x0000000080000000, 0x0000000086500000)
  from space 12928K,  66% used [0x0000000086500000, 0x0000000086d61eb0, 0x00000000871a0000)
  to   space 12928K,   0% used [0x00000000871a0000, 0x00000000871a0000, 0x0000000087e40000)
 tenured generation   total 257224K, used 164438K [0x00000000aaaa0000, 0x00000000ba5d2000, 0x0000000100000000)
   the space 257224K,  63% used [0x00000000aaaa0000, 0x00000000b4b35b08, 0x00000000b4b35c00, 0x00000000ba5d2000)
 Metaspace       used 226792K, committed 229568K, reserved 1310720K
  class space    used 30038K, committed 31360K, reserved 1048576K
}
Event: 90.894 GC heap before
{Heap before GC invocations=62 (full 6):
 def new generation   total 116352K, used 112007K [0x0000000080000000, 0x0000000087e40000, 0x00000000aaaa0000)
  eden space 103424K, 100% used [0x0000000080000000, 0x0000000086500000, 0x0000000086500000)
  from space 12928K,  66% used [0x0000000086500000, 0x0000000086d61eb0, 0x00000000871a0000)
  to   space 12928K,   0% used [0x00000000871a0000, 0x00000000871a0000, 0x0000000087e40000)
 tenured generation   total 257224K, used 164438K [0x00000000aaaa0000, 0x00000000ba5d2000, 0x0000000100000000)
   the space 257224K,  63% used [0x00000000aaaa0000, 0x00000000b4b35b08, 0x00000000b4b35c00, 0x00000000ba5d2000)
 Metaspace       used 234196K, committed 236992K, reserved 1310720K
  class space    used 30808K, committed 32192K, reserved 1048576K
}
Event: 91.004 GC heap after
{Heap after GC invocations=63 (full 6):
 def new generation   total 116352K, used 12928K [0x0000000080000000, 0x0000000087e40000, 0x00000000aaaa0000)
  eden space 103424K,   0% used [0x0000000080000000, 0x0000000080000000, 0x0000000086500000)
  from space 12928K, 100% used [0x00000000871a0000, 0x0000000087e40000, 0x0000000087e40000)
  to   space 12928K,   0% used [0x0000000086500000, 0x0000000086500000, 0x00000000871a0000)
 tenured generation   total 257224K, used 183794K [0x00000000aaaa0000, 0x00000000ba5d2000, 0x0000000100000000)
   the space 257224K,  71% used [0x00000000aaaa0000, 0x00000000b5e1ca20, 0x00000000b5e1cc00, 0x00000000ba5d2000)
 Metaspace       used 234196K, committed 236992K, reserved 1310720K
  class space    used 30808K, committed 32192K, reserved 1048576K
}
Event: 95.813 GC heap before
{Heap before GC invocations=63 (full 6):
 def new generation   total 116352K, used 103091K [0x0000000080000000, 0x0000000087e40000, 0x00000000aaaa0000)
  eden space 103424K,  87% used [0x0000000080000000, 0x000000008580ccc8, 0x0000000086500000)
  from space 12928K, 100% used [0x00000000871a0000, 0x0000000087e40000, 0x0000000087e40000)
  to   space 12928K,   0% used [0x0000000086500000, 0x0000000086500000, 0x00000000871a0000)
 tenured generation   total 257224K, used 183794K [0x00000000aaaa0000, 0x00000000ba5d2000, 0x0000000100000000)
   the space 257224K,  71% used [0x00000000aaaa0000, 0x00000000b5e1ca20, 0x00000000b5e1cc00, 0x00000000ba5d2000)
 Metaspace       used 241099K, committed 243840K, reserved 1310720K
  class space    used 31542K, committed 32896K, reserved 1048576K
}
Event: 98.503 GC heap after
{Heap after GC invocations=64 (full 7):
 def new generation   total 116352K, used 0K [0x0000000080000000, 0x0000000087e40000, 0x00000000aaaa0000)
  eden space 103424K,   0% used [0x0000000080000000, 0x0000000080000000, 0x0000000086500000)
  from space 12928K,   0% used [0x00000000871a0000, 0x00000000871a0000, 0x0000000087e40000)
  to   space 12928K,   0% used [0x0000000086500000, 0x0000000086500000, 0x00000000871a0000)
 tenured generation   total 322048K, used 193228K [0x00000000aaaa0000, 0x00000000be520000, 0x0000000100000000)
   the space 322048K,  59% used [0x00000000aaaa0000, 0x00000000b6753320, 0x00000000b6753400, 0x00000000be520000)
 Metaspace       used 183585K, committed 191872K, reserved 1310720K
  class space    used 24453K, committed 27456K, reserved 1048576K
}
Event: 112.131 GC heap before
{Heap before GC invocations=64 (full 7):
 def new generation   total 116352K, used 103424K [0x0000000080000000, 0x0000000087e40000, 0x00000000aaaa0000)
  eden space 103424K, 100% used [0x0000000080000000, 0x0000000086500000, 0x0000000086500000)
  from space 12928K,   0% used [0x00000000871a0000, 0x00000000871a0000, 0x0000000087e40000)
  to   space 12928K,   0% used [0x0000000086500000, 0x0000000086500000, 0x00000000871a0000)
 tenured generation   total 322048K, used 193228K [0x00000000aaaa0000, 0x00000000be520000, 0x0000000100000000)
   the space 322048K,  59% used [0x00000000aaaa0000, 0x00000000b6753320, 0x00000000b6753400, 0x00000000be520000)
 Metaspace       used 186055K, committed 192000K, reserved 1310720K
  class space    used 24678K, committed 27456K, reserved 1048576K
}
Event: 112.401 GC heap after
{Heap after GC invocations=65 (full 7):
 def new generation   total 116352K, used 11816K [0x0000000080000000, 0x0000000087e40000, 0x00000000aaaa0000)
  eden space 103424K,   0% used [0x0000000080000000, 0x0000000080000000, 0x0000000086500000)
  from space 12928K,  91% used [0x0000000086500000, 0x000000008708a0f0, 0x00000000871a0000)
  to   space 12928K,   0% used [0x00000000871a0000, 0x00000000871a0000, 0x0000000087e40000)
 tenured generation   total 322048K, used 193228K [0x00000000aaaa0000, 0x00000000be520000, 0x0000000100000000)
   the space 322048K,  59% used [0x00000000aaaa0000, 0x00000000b6753320, 0x00000000b6753400, 0x00000000be520000)
 Metaspace       used 186055K, committed 192000K, reserved 1310720K
  class space    used 24678K, committed 27456K, reserved 1048576K
}
Event: 122.166 GC heap before
{Heap before GC invocations=65 (full 7):
 def new generation   total 116352K, used 115240K [0x0000000080000000, 0x0000000087e40000, 0x00000000aaaa0000)
  eden space 103424K, 100% used [0x0000000080000000, 0x0000000086500000, 0x0000000086500000)
  from space 12928K,  91% used [0x0000000086500000, 0x000000008708a0f0, 0x00000000871a0000)
  to   space 12928K,   0% used [0x00000000871a0000, 0x00000000871a0000, 0x0000000087e40000)
 tenured generation   total 322048K, used 193228K [0x00000000aaaa0000, 0x00000000be520000, 0x0000000100000000)
   the space 322048K,  59% used [0x00000000aaaa0000, 0x00000000b6753320, 0x00000000b6753400, 0x00000000be520000)
 Metaspace       used 189405K, committed 193344K, reserved 1310720K
  class space    used 24881K, committed 27456K, reserved 1048576K
}
Event: 122.234 GC heap after
{Heap after GC invocations=66 (full 7):
 def new generation   total 116352K, used 12927K [0x0000000080000000, 0x0000000087e40000, 0x00000000aaaa0000)
  eden space 103424K,   0% used [0x0000000080000000, 0x0000000080000000, 0x0000000086500000)
  from space 12928K,  99% used [0x00000000871a0000, 0x0000000087e3fff8, 0x0000000087e40000)
  to   space 12928K,   0% used [0x0000000086500000, 0x0000000086500000, 0x00000000871a0000)
 tenured generation   total 322048K, used 206788K [0x00000000aaaa0000, 0x00000000be520000, 0x0000000100000000)
   the space 322048K,  64% used [0x00000000aaaa0000, 0x00000000b7491158, 0x00000000b7491200, 0x00000000be520000)
 Metaspace       used 189405K, committed 193344K, reserved 1310720K
  class space    used 24881K, committed 27456K, reserved 1048576K
}
Event: 130.464 GC heap before
{Heap before GC invocations=66 (full 7):
 def new generation   total 116352K, used 78980K [0x0000000080000000, 0x0000000087e40000, 0x00000000aaaa0000)
  eden space 103424K,  63% used [0x0000000080000000, 0x0000000084081198, 0x0000000086500000)
  from space 12928K,  99% used [0x00000000871a0000, 0x0000000087e3fff8, 0x0000000087e40000)
  to   space 12928K,   0% used [0x0000000086500000, 0x0000000086500000, 0x00000000871a0000)
 tenured generation   total 322048K, used 206788K [0x00000000aaaa0000, 0x00000000be520000, 0x0000000100000000)
   the space 322048K,  64% used [0x00000000aaaa0000, 0x00000000b7491158, 0x00000000b7491200, 0x00000000be520000)
 Metaspace       used 195649K, committed 199040K, reserved 1310720K
  class space    used 25477K, committed 27456K, reserved 1048576K
}
Event: 133.984 GC heap after
{Heap after GC invocations=67 (full 8):
 def new generation   total 161984K, used 0K [0x0000000080000000, 0x000000008afc0000, 0x00000000aaaa0000)
  eden space 144000K,   0% used [0x0000000080000000, 0x0000000080000000, 0x0000000088ca0000)
  from space 17984K,   0% used [0x0000000088ca0000, 0x0000000088ca0000, 0x0000000089e30000)
  to   space 17984K,   0% used [0x0000000089e30000, 0x0000000089e30000, 0x000000008afc0000)
 tenured generation   total 358608K, used 215163K [0x00000000aaaa0000, 0x00000000c08d4000, 0x0000000100000000)
   the space 358608K,  59% used [0x00000000aaaa0000, 0x00000000b7cbee68, 0x00000000b7cbf000, 0x00000000c08d4000)
 Metaspace       used 195649K, committed 199040K, reserved 1310720K
  class space    used 25477K, committed 27456K, reserved 1048576K
}
Event: 145.832 GC heap before
{Heap before GC invocations=67 (full 8):
 def new generation   total 161984K, used 144000K [0x0000000080000000, 0x000000008afc0000, 0x00000000aaaa0000)
  eden space 144000K, 100% used [0x0000000080000000, 0x0000000088ca0000, 0x0000000088ca0000)
  from space 17984K,   0% used [0x0000000088ca0000, 0x0000000088ca0000, 0x0000000089e30000)
  to   space 17984K,   0% used [0x0000000089e30000, 0x0000000089e30000, 0x000000008afc0000)
 tenured generation   total 358608K, used 215163K [0x00000000aaaa0000, 0x00000000c08d4000, 0x0000000100000000)
   the space 358608K,  59% used [0x00000000aaaa0000, 0x00000000b7cbee68, 0x00000000b7cbf000, 0x00000000c08d4000)
 Metaspace       used 205541K, committed 208256K, reserved 1310720K
  class space    used 26325K, committed 27648K, reserved 1048576K
}
Event: 145.915 GC heap after
{Heap after GC invocations=68 (full 8):
 def new generation   total 161984K, used 17509K [0x0000000080000000, 0x000000008afc0000, 0x00000000aaaa0000)
  eden space 144000K,   0% used [0x0000000080000000, 0x0000000080000000, 0x0000000088ca0000)
  from space 17984K,  97% used [0x0000000089e30000, 0x000000008af494d8, 0x000000008afc0000)
  to   space 17984K,   0% used [0x0000000088ca0000, 0x0000000088ca0000, 0x0000000089e30000)
 tenured generation   total 358608K, used 215163K [0x00000000aaaa0000, 0x00000000c08d4000, 0x0000000100000000)
   the space 358608K,  59% used [0x00000000aaaa0000, 0x00000000b7cbee68, 0x00000000b7cbf000, 0x00000000c08d4000)
 Metaspace       used 205541K, committed 208256K, reserved 1310720K
  class space    used 26325K, committed 27648K, reserved 1048576K
}

