# JRE version: OpenJDK Runtime Environment (21.0.8) (build 21.0.8+-14196175-b1038.72)
# Java VM: OpenJDK 64-Bit Server VM (21.0.8+-14196175-b1038.72, mixed mode, tiered, compressed oops, compressed class ptrs, g1 gc, windows-amd64)
GC Precious Log:
 CardTable entry size: 512
 Card Set container configuration: InlinePtr #cards 4 size 8 Array Of Cards #cards 16 size 48 Howl #buckets 8 coarsen threshold 3686 Howl Bitmap #cards 512 size 80 coarsen threshold 460 Card regions per heap region 1 cards per card region 4096
 CPUs: 8 total, 8 available
 Memory: 7880M
 Large Page Support: Disabled
 NUMA Support: Disabled
 Compressed Oops: Enabled (Zero based)
 Heap Region Size: 2M
 Heap Min Capacity: 8M
 Heap Initial Capacity: 124M
 Heap Max Capacity: 4G
 Pre-touch: Disabled
 Parallel Workers: 8
 Concurrent Workers: 2
 Concurrent Refinement Workers: 8
 Periodic GC: Disabled
Heap:
 garbage-first heap   total 229376K, used 151397K [0x0000000700000000, 0x0000000800000000)
  region size 2048K, 5 young (10240K), 3 survivors (6144K)
 Metaspace       used 166398K, committed 169024K, reserved 1245184K
  class space    used 22729K, committed 24000K, reserved 1048576K
GC Heap History (20 events):
Event: 37.777 GC heap before
{Heap before GC invocations=46 (full 0):
 garbage-first heap   total 194560K, used 169011K [0x0000000700000000, 0x0000000800000000)
  region size 2048K, 30 young (61440K), 4 survivors (8192K)
 Metaspace       used 120026K, committed 122240K, reserved 1179648K
  class space    used 16814K, committed 17856K, reserved 1048576K
}
Event: 37.785 GC heap after
{Heap after GC invocations=47 (full 0):
 garbage-first heap   total 194560K, used 120775K [0x0000000700000000, 0x0000000800000000)
  region size 2048K, 3 young (6144K), 3 survivors (6144K)
 Metaspace       used 120026K, committed 122240K, reserved 1179648K
  class space    used 16814K, committed 17856K, reserved 1048576K
}
Event: 39.009 GC heap before
{Heap before GC invocations=48 (full 0):
 garbage-first heap   total 204800K, used 174023K [0x0000000700000000, 0x0000000800000000)
  region size 2048K, 30 young (61440K), 3 survivors (6144K)
 Metaspace       used 122195K, committed 124352K, reserved 1179648K
  class space    used 17077K, committed 18112K, reserved 1048576K
}
Event: 39.017 GC heap after
{Heap after GC invocations=49 (full 0):
 garbage-first heap   total 204800K, used 121859K [0x0000000700000000, 0x0000000800000000)
  region size 2048K, 3 young (6144K), 3 survivors (6144K)
 Metaspace       used 122195K, committed 124352K, reserved 1179648K
  class space    used 17077K, committed 18112K, reserved 1048576K
}
Event: 39.955 GC heap before
{Heap before GC invocations=49 (full 0):
 garbage-first heap   total 204800K, used 185347K [0x0000000700000000, 0x0000000800000000)
  region size 2048K, 35 young (71680K), 3 survivors (6144K)
 Metaspace       used 123209K, committed 125440K, reserved 1179648K
  class space    used 17211K, committed 18304K, reserved 1048576K
}
Event: 39.967 GC heap after
{Heap after GC invocations=50 (full 0):
 garbage-first heap   total 204800K, used 125031K [0x0000000700000000, 0x0000000800000000)
  region size 2048K, 5 young (10240K), 5 survivors (10240K)
 Metaspace       used 123209K, committed 125440K, reserved 1179648K
  class space    used 17211K, committed 18304K, reserved 1048576K
}
Event: 40.621 GC heap before
{Heap before GC invocations=50 (full 0):
 garbage-first heap   total 204800K, used 180327K [0x0000000700000000, 0x0000000800000000)
  region size 2048K, 33 young (67584K), 5 survivors (10240K)
 Metaspace       used 123673K, committed 125888K, reserved 1179648K
  class space    used 17264K, committed 18368K, reserved 1048576K
}
Event: 40.633 GC heap after
{Heap after GC invocations=51 (full 0):
 garbage-first heap   total 204800K, used 127149K [0x0000000700000000, 0x0000000800000000)
  region size 2048K, 3 young (6144K), 3 survivors (6144K)
 Metaspace       used 123673K, committed 125888K, reserved 1179648K
  class space    used 17264K, committed 18368K, reserved 1048576K
}
Event: 46.053 GC heap before
{Heap before GC invocations=52 (full 0):
 garbage-first heap   total 215040K, used 182445K [0x0000000700000000, 0x0000000800000000)
  region size 2048K, 31 young (63488K), 3 survivors (6144K)
 Metaspace       used 124706K, committed 126912K, reserved 1179648K
  class space    used 17393K, committed 18496K, reserved 1048576K
}
Event: 46.063 GC heap after
{Heap after GC invocations=53 (full 0):
 garbage-first heap   total 215040K, used 132475K [0x0000000700000000, 0x0000000800000000)
  region size 2048K, 4 young (8192K), 4 survivors (8192K)
 Metaspace       used 124706K, committed 126912K, reserved 1179648K
  class space    used 17393K, committed 18496K, reserved 1048576K
}
Event: 47.255 GC heap before
{Heap before GC invocations=53 (full 0):
 garbage-first heap   total 215040K, used 191867K [0x0000000700000000, 0x0000000800000000)
  region size 2048K, 34 young (69632K), 4 survivors (8192K)
 Metaspace       used 125591K, committed 127808K, reserved 1179648K
  class space    used 17503K, committed 18560K, reserved 1048576K
}
Event: 47.266 GC heap after
{Heap after GC invocations=54 (full 0):
 garbage-first heap   total 215040K, used 131437K [0x0000000700000000, 0x0000000800000000)
  region size 2048K, 3 young (6144K), 3 survivors (6144K)
 Metaspace       used 125591K, committed 127808K, reserved 1179648K
  class space    used 17503K, committed 18560K, reserved 1048576K
}
Event: 48.313 GC heap before
{Heap before GC invocations=54 (full 0):
 garbage-first heap   total 215040K, used 192877K [0x0000000700000000, 0x0000000800000000)
  region size 2048K, 34 young (69632K), 3 survivors (6144K)
 Metaspace       used 128689K, committed 130944K, reserved 1179648K
  class space    used 17820K, committed 18944K, reserved 1048576K
}
Event: 48.320 GC heap after
{Heap after GC invocations=55 (full 0):
 garbage-first heap   total 215040K, used 135713K [0x0000000700000000, 0x0000000800000000)
  region size 2048K, 4 young (8192K), 4 survivors (8192K)
 Metaspace       used 128689K, committed 130944K, reserved 1179648K
  class space    used 17820K, committed 18944K, reserved 1048576K
}
Event: 49.811 GC heap before
{Heap before GC invocations=56 (full 0):
 garbage-first heap   total 229376K, used 188961K [0x0000000700000000, 0x0000000800000000)
  region size 2048K, 31 young (63488K), 4 survivors (8192K)
 Metaspace       used 141739K, committed 144064K, reserved 1179648K
  class space    used 19351K, committed 20480K, reserved 1048576K
}
Event: 49.820 GC heap after
{Heap after GC invocations=57 (full 0):
 garbage-first heap   total 229376K, used 137756K [0x0000000700000000, 0x0000000800000000)
  region size 2048K, 2 young (4096K), 2 survivors (4096K)
 Metaspace       used 141739K, committed 144064K, reserved 1179648K
  class space    used 19351K, committed 20480K, reserved 1048576K
}
Event: 52.384 GC heap before
{Heap before GC invocations=57 (full 0):
 garbage-first heap   total 229376K, used 209436K [0x0000000700000000, 0x0000000800000000)
  region size 2048K, 37 young (75776K), 2 survivors (4096K)
 Metaspace       used 154448K, committed 156736K, reserved 1245184K
  class space    used 21337K, committed 22464K, reserved 1048576K
}
Event: 52.404 GC heap after
{Heap after GC invocations=58 (full 0):
 garbage-first heap   total 229376K, used 144525K [0x0000000700000000, 0x0000000800000000)
  region size 2048K, 5 young (10240K), 5 survivors (10240K)
 Metaspace       used 154448K, committed 156736K, reserved 1245184K
  class space    used 21337K, committed 22464K, reserved 1048576K
}
Event: 54.689 GC heap before
{Heap before GC invocations=58 (full 0):
 garbage-first heap   total 229376K, used 203917K [0x0000000700000000, 0x0000000800000000)
  region size 2048K, 34 young (69632K), 5 survivors (10240K)
 Metaspace       used 165670K, committed 168320K, reserved 1245184K
  class space    used 22653K, committed 23936K, reserved 1048576K
}
Event: 54.702 GC heap after
{Heap after GC invocations=59 (full 0):
 garbage-first heap   total 229376K, used 149349K [0x0000000700000000, 0x0000000800000000)
  region size 2048K, 3 young (6144K), 3 survivors (6144K)
 Metaspace       used 165670K, committed 168320K, reserved 1245184K
  class space    used 22653K, committed 23936K, reserved 1048576K
}

