# JRE version: OpenJDK Runtime Environment (21.0.8) (build 21.0.8+-14196175-b1038.72)
# Java VM: OpenJDK 64-Bit Server VM (21.0.8+-14196175-b1038.72, mixed mode, tiered, compressed oops, compressed class ptrs, g1 gc, windows-amd64)
GC Precious Log:
 CardTable entry size: 512
 Card Set container configuration: InlinePtr #cards 4 size 8 Array Of Cards #cards 16 size 48 Howl #buckets 8 coarsen threshold 3686 Howl Bitmap #cards 512 size 80 coarsen threshold 460 Card regions per heap region 1 cards per card region 4096
 CPUs: 8 total, 8 available
 Memory: 7880M
 Large Page Support: Disabled
 NUMA Support: Disabled
 Compressed Oops: Enabled (Zero based)
 Heap Region Size: 2M
 Heap Min Capacity: 8M
 Heap Initial Capacity: 124M
 Heap Max Capacity: 4G
 Pre-touch: Disabled
 Parallel Workers: 8
 Concurrent Workers: 2
 Concurrent Refinement Workers: 8
 Periodic GC: Disabled
Heap:
 garbage-first heap   total 843776K, used 271073K [0x0000000700000000, 0x0000000800000000)
  region size 2048K, 1 young (2048K), 1 survivors (2048K)
 Metaspace       used 196548K, committed 199232K, reserved 1245184K
  class space    used 26971K, committed 28288K, reserved 1048576K
GC Heap History (20 events):
Event: 95.222 GC heap after
{Heap after GC invocations=97 (full 0):
 garbage-first heap   total 702464K, used 275768K [0x0000000700000000, 0x0000000800000000)
  region size 2048K, 14 young (28672K), 14 survivors (28672K)
 Metaspace       used 185931K, committed 188416K, reserved 1245184K
  class space    used 25706K, committed 26880K, reserved 1048576K
}
Event: 96.545 GC heap before
{Heap before GC invocations=97 (full 0):
 garbage-first heap   total 702464K, used 634168K [0x0000000700000000, 0x0000000800000000)
  region size 2048K, 190 young (389120K), 14 survivors (28672K)
 Metaspace       used 186238K, committed 188864K, reserved 1245184K
  class space    used 25756K, committed 27008K, reserved 1048576K
}
Event: 96.566 GC heap after
{Heap after GC invocations=98 (full 0):
 garbage-first heap   total 702464K, used 266909K [0x0000000700000000, 0x0000000800000000)
  region size 2048K, 12 young (24576K), 12 survivors (24576K)
 Metaspace       used 186238K, committed 188864K, reserved 1245184K
  class space    used 25756K, committed 27008K, reserved 1048576K
}
Event: 97.307 GC heap before
{Heap before GC invocations=98 (full 0):
 garbage-first heap   total 702464K, used 639645K [0x0000000700000000, 0x0000000800000000)
  region size 2048K, 194 young (397312K), 12 survivors (24576K)
 Metaspace       used 186240K, committed 188864K, reserved 1245184K
  class space    used 25756K, committed 27008K, reserved 1048576K
}
Event: 97.324 GC heap after
{Heap after GC invocations=99 (full 0):
 garbage-first heap   total 702464K, used 271972K [0x0000000700000000, 0x0000000800000000)
  region size 2048K, 15 young (30720K), 15 survivors (30720K)
 Metaspace       used 186240K, committed 188864K, reserved 1245184K
  class space    used 25756K, committed 27008K, reserved 1048576K
}
Event: 98.121 GC heap before
{Heap before GC invocations=100 (full 0):
 garbage-first heap   total 702464K, used 632420K [0x0000000700000000, 0x0000000800000000)
  region size 2048K, 191 young (391168K), 15 survivors (30720K)
 Metaspace       used 186264K, committed 188864K, reserved 1245184K
  class space    used 25752K, committed 27008K, reserved 1048576K
}
Event: 98.139 GC heap after
{Heap after GC invocations=101 (full 0):
 garbage-first heap   total 702464K, used 265362K [0x0000000700000000, 0x0000000800000000)
  region size 2048K, 9 young (18432K), 9 survivors (18432K)
 Metaspace       used 186264K, committed 188864K, reserved 1245184K
  class space    used 25752K, committed 27008K, reserved 1048576K
}
Event: 98.838 GC heap before
{Heap before GC invocations=101 (full 0):
 garbage-first heap   total 702464K, used 646290K [0x0000000700000000, 0x0000000800000000)
  region size 2048K, 195 young (399360K), 9 survivors (18432K)
 Metaspace       used 186324K, committed 188928K, reserved 1245184K
  class space    used 25752K, committed 27008K, reserved 1048576K
}
Event: 98.862 GC heap after
{Heap after GC invocations=102 (full 0):
 garbage-first heap   total 843776K, used 261083K [0x0000000700000000, 0x0000000800000000)
  region size 2048K, 11 young (22528K), 11 survivors (22528K)
 Metaspace       used 186324K, committed 188928K, reserved 1245184K
  class space    used 25752K, committed 27008K, reserved 1048576K
}
Event: 102.074 GC heap before
{Heap before GC invocations=102 (full 0):
 garbage-first heap   total 843776K, used 742363K [0x0000000700000000, 0x0000000800000000)
  region size 2048K, 247 young (505856K), 11 survivors (22528K)
 Metaspace       used 188422K, committed 191168K, reserved 1245184K
  class space    used 26072K, committed 27392K, reserved 1048576K
}
Event: 102.096 GC heap after
{Heap after GC invocations=103 (full 0):
 garbage-first heap   total 843776K, used 260133K [0x0000000700000000, 0x0000000800000000)
  region size 2048K, 11 young (22528K), 11 survivors (22528K)
 Metaspace       used 188422K, committed 191168K, reserved 1245184K
  class space    used 26072K, committed 27392K, reserved 1048576K
}
Event: 106.077 GC heap before
{Heap before GC invocations=103 (full 0):
 garbage-first heap   total 843776K, used 743461K [0x0000000700000000, 0x0000000800000000)
  region size 2048K, 247 young (505856K), 11 survivors (22528K)
 Metaspace       used 193603K, committed 196288K, reserved 1245184K
  class space    used 26650K, committed 27968K, reserved 1048576K
}
Event: 106.108 GC heap after
{Heap after GC invocations=104 (full 0):
 garbage-first heap   total 843776K, used 262654K [0x0000000700000000, 0x0000000800000000)
  region size 2048K, 12 young (24576K), 12 survivors (24576K)
 Metaspace       used 193603K, committed 196288K, reserved 1245184K
  class space    used 26650K, committed 27968K, reserved 1048576K
}
Event: 110.915 GC heap before
{Heap before GC invocations=104 (full 0):
 garbage-first heap   total 843776K, used 741886K [0x0000000700000000, 0x0000000800000000)
  region size 2048K, 247 young (505856K), 12 survivors (24576K)
 Metaspace       used 195087K, committed 197824K, reserved 1245184K
  class space    used 26830K, committed 28160K, reserved 1048576K
}
Event: 111.325 GC heap after
{Heap after GC invocations=105 (full 0):
 garbage-first heap   total 843776K, used 260168K [0x0000000700000000, 0x0000000800000000)
  region size 2048K, 11 young (22528K), 11 survivors (22528K)
 Metaspace       used 195087K, committed 197824K, reserved 1245184K
  class space    used 26830K, committed 28160K, reserved 1048576K
}
Event: 173.677 GC heap before
{Heap before GC invocations=105 (full 0):
 garbage-first heap   total 843776K, used 747592K [0x0000000700000000, 0x0000000800000000)
  region size 2048K, 247 young (505856K), 11 survivors (22528K)
 Metaspace       used 196545K, committed 199232K, reserved 1245184K
  class space    used 26970K, committed 28288K, reserved 1048576K
}
Event: 177.635 GC heap after
{Heap after GC invocations=106 (full 0):
 garbage-first heap   total 843776K, used 273460K [0x0000000700000000, 0x0000000800000000)
  region size 2048K, 16 young (32768K), 16 survivors (32768K)
 Metaspace       used 196545K, committed 199232K, reserved 1245184K
  class space    used 26970K, committed 28288K, reserved 1048576K
}
Event: 177.885 GC heap before
{Heap before GC invocations=106 (full 0):
 garbage-first heap   total 843776K, used 279604K [0x0000000700000000, 0x0000000800000000)
  region size 2048K, 20 young (40960K), 16 survivors (32768K)
 Metaspace       used 196545K, committed 199232K, reserved 1245184K
  class space    used 26970K, committed 28288K, reserved 1048576K
}
Event: 182.006 GC heap after
{Heap after GC invocations=107 (full 0):
 garbage-first heap   total 843776K, used 273512K [0x0000000700000000, 0x0000000800000000)
  region size 2048K, 2 young (4096K), 2 survivors (4096K)
 Metaspace       used 196545K, committed 199232K, reserved 1245184K
  class space    used 26970K, committed 28288K, reserved 1048576K
}
Event: 182.631 GC heap before
{Heap before GC invocations=107 (full 0):
 garbage-first heap   total 843776K, used 308328K [0x0000000700000000, 0x0000000800000000)
  region size 2048K, 20 young (40960K), 2 survivors (4096K)
 Metaspace       used 196548K, committed 199232K, reserved 1245184K
  class space    used 26971K, committed 28288K, reserved 1048576K
}

