# JRE version: OpenJDK Runtime Environment (21.0.8) (build 21.0.8+-14196175-b1038.72)
# Java VM: OpenJDK 64-Bit Server VM (21.0.8+-14196175-b1038.72, mixed mode, tiered, compressed oops, compressed class ptrs, g1 gc, windows-amd64)
GC Precious Log:
 CardTable entry size: 512
 Card Set container configuration: InlinePtr #cards 5 size 8 Array Of Cards #cards 12 size 40 Howl #buckets 4 coarsen threshold 1843 Howl Bitmap #cards 512 size 80 coarsen threshold 460 Card regions per heap region 1 cards per card region 2048
 CPUs: 8 total, 8 available
 Memory: 7880M
 Large Page Support: Disabled
 NUMA Support: Disabled
 Compressed Oops: Enabled (32-bit)
 Heap Region Size: 1M
 Heap Min Capacity: 8M
 Heap Initial Capacity: 124M
 Heap Max Capacity: 2G
 Pre-touch: Disabled
 Parallel Workers: 8
 Concurrent Workers: 2
 Concurrent Refinement Workers: 8
 Periodic GC: Disabled
Heap:
 garbage-first heap   total 332800K, used 231136K [0x0000000080000000, 0x0000000100000000)
  region size 1024K, 41 young (41984K), 7 survivors (7168K)
 Metaspace       used 202103K, committed 204800K, reserved 1245184K
  class space    used 26849K, committed 28160K, reserved 1048576K
GC Heap History (20 events):
Event: 76.339 GC heap before
{Heap before GC invocations=59 (full 0):
 garbage-first heap   total 247808K, used 216648K [0x0000000080000000, 0x0000000100000000)
  region size 1024K, 73 young (74752K), 9 survivors (9216K)
 Metaspace       used 128358K, committed 130496K, reserved 1179648K
  class space    used 17750K, committed 18816K, reserved 1048576K
}
Event: 76.357 GC heap after
{Heap after GC invocations=60 (full 0):
 garbage-first heap   total 247808K, used 154789K [0x0000000080000000, 0x0000000100000000)
  region size 1024K, 8 young (8192K), 8 survivors (8192K)
 Metaspace       used 128358K, committed 130496K, reserved 1179648K
  class space    used 17750K, committed 18816K, reserved 1048576K
}
Event: 80.985 GC heap before
{Heap before GC invocations=61 (full 0):
 garbage-first heap   total 247808K, used 203941K [0x0000000080000000, 0x0000000100000000)
  region size 1024K, 73 young (74752K), 8 survivors (8192K)
 Metaspace       used 142161K, committed 144384K, reserved 1179648K
  class space    used 19708K, committed 20800K, reserved 1048576K
}
Event: 81.000 GC heap after
{Heap after GC invocations=62 (full 0):
 garbage-first heap   total 247808K, used 141544K [0x0000000080000000, 0x0000000100000000)
  region size 1024K, 9 young (9216K), 9 survivors (9216K)
 Metaspace       used 142161K, committed 144384K, reserved 1179648K
  class space    used 19708K, committed 20800K, reserved 1048576K
}
Event: 85.688 GC heap before
{Heap before GC invocations=62 (full 0):
 garbage-first heap   total 247808K, used 219368K [0x0000000080000000, 0x0000000100000000)
  region size 1024K, 84 young (86016K), 9 survivors (9216K)
 Metaspace       used 153339K, committed 155584K, reserved 1245184K
  class space    used 21035K, committed 22144K, reserved 1048576K
}
Event: 85.724 GC heap after
{Heap after GC invocations=63 (full 0):
 garbage-first heap   total 247808K, used 146432K [0x0000000080000000, 0x0000000100000000)
  region size 1024K, 11 young (11264K), 11 survivors (11264K)
 Metaspace       used 153339K, committed 155584K, reserved 1245184K
  class space    used 21035K, committed 22144K, reserved 1048576K
}
Event: 93.680 GC heap before
{Heap before GC invocations=63 (full 0):
 garbage-first heap   total 247808K, used 204800K [0x0000000080000000, 0x0000000100000000)
  region size 1024K, 69 young (70656K), 11 survivors (11264K)
 Metaspace       used 164051K, committed 166656K, reserved 1245184K
  class space    used 22409K, committed 23680K, reserved 1048576K
}
Event: 93.715 GC heap after
{Heap after GC invocations=64 (full 0):
 garbage-first heap   total 247808K, used 153268K [0x0000000080000000, 0x0000000100000000)
  region size 1024K, 6 young (6144K), 6 survivors (6144K)
 Metaspace       used 164051K, committed 166656K, reserved 1245184K
  class space    used 22409K, committed 23680K, reserved 1048576K
}
Event: 97.067 GC heap before
{Heap before GC invocations=65 (full 0):
 garbage-first heap   total 260096K, used 223924K [0x0000000080000000, 0x0000000100000000)
  region size 1024K, 73 young (74752K), 6 survivors (6144K)
 Metaspace       used 169246K, committed 171840K, reserved 1245184K
  class space    used 23095K, committed 24384K, reserved 1048576K
}
Event: 97.083 GC heap after
{Heap after GC invocations=66 (full 0):
 garbage-first heap   total 260096K, used 164305K [0x0000000080000000, 0x0000000100000000)
  region size 1024K, 9 young (9216K), 9 survivors (9216K)
 Metaspace       used 169246K, committed 171840K, reserved 1245184K
  class space    used 23095K, committed 24384K, reserved 1048576K
}
Event: 101.638 GC heap before
{Heap before GC invocations=66 (full 0):
 garbage-first heap   total 260096K, used 232913K [0x0000000080000000, 0x0000000100000000)
  region size 1024K, 76 young (77824K), 9 survivors (9216K)
 Metaspace       used 177060K, committed 179712K, reserved 1245184K
  class space    used 24016K, committed 25280K, reserved 1048576K
}
Event: 101.663 GC heap after
{Heap after GC invocations=67 (full 0):
 garbage-first heap   total 260096K, used 170337K [0x0000000080000000, 0x0000000100000000)
  region size 1024K, 9 young (9216K), 9 survivors (9216K)
 Metaspace       used 177060K, committed 179712K, reserved 1245184K
  class space    used 24016K, committed 25280K, reserved 1048576K
}
Event: 108.200 GC heap before
{Heap before GC invocations=67 (full 0):
 garbage-first heap   total 260096K, used 234849K [0x0000000080000000, 0x0000000100000000)
  region size 1024K, 72 young (73728K), 9 survivors (9216K)
 Metaspace       used 180176K, committed 182848K, reserved 1245184K
  class space    used 24341K, committed 25664K, reserved 1048576K
}
Event: 108.223 GC heap after
{Heap after GC invocations=68 (full 0):
 garbage-first heap   total 260096K, used 178900K [0x0000000080000000, 0x0000000100000000)
  region size 1024K, 9 young (9216K), 9 survivors (9216K)
 Metaspace       used 180176K, committed 182848K, reserved 1245184K
  class space    used 24341K, committed 25664K, reserved 1048576K
}
Event: 113.758 GC heap before
{Heap before GC invocations=69 (full 0):
 garbage-first heap   total 299008K, used 234196K [0x0000000080000000, 0x0000000100000000)
  region size 1024K, 63 young (64512K), 9 survivors (9216K)
 Metaspace       used 185035K, committed 187648K, reserved 1245184K
  class space    used 24795K, committed 26112K, reserved 1048576K
}
Event: 113.782 GC heap after
{Heap after GC invocations=70 (full 0):
 garbage-first heap   total 299008K, used 183990K [0x0000000080000000, 0x0000000100000000)
  region size 1024K, 5 young (5120K), 5 survivors (5120K)
 Metaspace       used 185035K, committed 187648K, reserved 1245184K
  class space    used 24795K, committed 26112K, reserved 1048576K
}
Event: 124.731 GC heap before
{Heap before GC invocations=70 (full 0):
 garbage-first heap   total 299008K, used 270006K [0x0000000080000000, 0x0000000100000000)
  region size 1024K, 88 young (90112K), 5 survivors (5120K)
 Metaspace       used 190981K, committed 193664K, reserved 1245184K
  class space    used 25612K, committed 26944K, reserved 1048576K
}
Event: 124.771 GC heap after
{Heap after GC invocations=71 (full 0):
 garbage-first heap   total 299008K, used 192274K [0x0000000080000000, 0x0000000100000000)
  region size 1024K, 11 young (11264K), 11 survivors (11264K)
 Metaspace       used 190981K, committed 193664K, reserved 1245184K
  class space    used 25612K, committed 26944K, reserved 1048576K
}
Event: 141.708 GC heap before
{Heap before GC invocations=71 (full 0):
 garbage-first heap   total 299008K, used 243474K [0x0000000080000000, 0x0000000100000000)
  region size 1024K, 63 young (64512K), 11 survivors (11264K)
 Metaspace       used 194380K, committed 197120K, reserved 1245184K
  class space    used 25972K, committed 27328K, reserved 1048576K
}
Event: 141.743 GC heap after
{Heap after GC invocations=72 (full 0):
 garbage-first heap   total 299008K, used 196320K [0x0000000080000000, 0x0000000100000000)
  region size 1024K, 7 young (7168K), 7 survivors (7168K)
 Metaspace       used 194380K, committed 197120K, reserved 1245184K
  class space    used 25972K, committed 27328K, reserved 1048576K
}

