# JRE version: OpenJDK Runtime Environment (21.0.8) (build 21.0.8+-14196175-b1038.72)
# Java VM: OpenJDK 64-Bit Server VM (21.0.8+-14196175-b1038.72, mixed mode, tiered, compressed oops, compressed class ptrs, g1 gc, windows-amd64)
GC Precious Log:
 CardTable entry size: 512
 Card Set container configuration: InlinePtr #cards 5 size 8 Array Of Cards #cards 12 size 40 Howl #buckets 4 coarsen threshold 1843 Howl Bitmap #cards 512 size 80 coarsen threshold 460 Card regions per heap region 1 cards per card region 2048
 CPUs: 8 total, 8 available
 Memory: 7880M
 Large Page Support: Disabled
 NUMA Support: Disabled
 Compressed Oops: Enabled (32-bit)
 Heap Region Size: 1M
 Heap Min Capacity: 8M
 Heap Initial Capacity: 124M
 Heap Max Capacity: 2G
 Pre-touch: Disabled
 Parallel Workers: 8
 Concurrent Workers: 2
 Concurrent Refinement Workers: 8
 Periodic GC: Disabled
Heap:
 garbage-first heap   total 285696K, used 180224K [0x0000000080000000, 0x0000000100000000)
  region size 1024K, 39 young (39936K), 13 survivors (13312K)
 Metaspace       used 154085K, committed 156352K, reserved 1245184K
  class space    used 21279K, committed 22400K, reserved 1048576K
GC Heap History (20 events):
Event: 83.871 GC heap before
{Heap before GC invocations=61 (full 0):
 garbage-first heap   total 201728K, used 176582K [0x0000000080000000, 0x0000000100000000)
  region size 1024K, 60 young (61440K), 6 survivors (6144K)
 Metaspace       used 122133K, committed 124288K, reserved 1179648K
  class space    used 17069K, committed 18112K, reserved 1048576K
}
Event: 83.880 GC heap after
{Heap after GC invocations=62 (full 0):
 garbage-first heap   total 201728K, used 136449K [0x0000000080000000, 0x0000000100000000)
  region size 1024K, 8 young (8192K), 8 survivors (8192K)
 Metaspace       used 122133K, committed 124288K, reserved 1179648K
  class space    used 17069K, committed 18112K, reserved 1048576K
}
Event: 84.463 GC heap before
{Heap before GC invocations=62 (full 0):
 garbage-first heap   total 201728K, used 187649K [0x0000000080000000, 0x0000000100000000)
  region size 1024K, 44 young (45056K), 8 survivors (8192K)
 Metaspace       used 122743K, committed 124928K, reserved 1179648K
  class space    used 17131K, committed 18176K, reserved 1048576K
}
Event: 84.475 GC heap after
{Heap after GC invocations=63 (full 0):
 garbage-first heap   total 212992K, used 157696K [0x0000000080000000, 0x0000000100000000)
  region size 1024K, 6 young (6144K), 6 survivors (6144K)
 Metaspace       used 122743K, committed 124928K, reserved 1179648K
  class space    used 17131K, committed 18176K, reserved 1048576K
}
Event: 84.480 GC heap before
{Heap before GC invocations=63 (full 0):
 garbage-first heap   total 212992K, used 157696K [0x0000000080000000, 0x0000000100000000)
  region size 1024K, 7 young (7168K), 6 survivors (6144K)
 Metaspace       used 122743K, committed 124928K, reserved 1179648K
  class space    used 17131K, committed 18176K, reserved 1048576K
}
Event: 84.485 GC heap after
{Heap after GC invocations=64 (full 0):
 garbage-first heap   total 212992K, used 159419K [0x0000000080000000, 0x0000000100000000)
  region size 1024K, 1 young (1024K), 1 survivors (1024K)
 Metaspace       used 122743K, committed 124928K, reserved 1179648K
  class space    used 17131K, committed 18176K, reserved 1048576K
}
Event: 84.987 GC heap before
{Heap before GC invocations=65 (full 0):
 garbage-first heap   total 285696K, used 198331K [0x0000000080000000, 0x0000000100000000)
  region size 1024K, 30 young (30720K), 1 survivors (1024K)
 Metaspace       used 124907K, committed 127104K, reserved 1179648K
  class space    used 17380K, committed 18432K, reserved 1048576K
}
Event: 84.991 GC heap after
{Heap after GC invocations=66 (full 0):
 garbage-first heap   total 285696K, used 162014K [0x0000000080000000, 0x0000000100000000)
  region size 1024K, 3 young (3072K), 3 survivors (3072K)
 Metaspace       used 124907K, committed 127104K, reserved 1179648K
  class space    used 17380K, committed 18432K, reserved 1048576K
}
Event: 86.582 GC heap before
{Heap before GC invocations=66 (full 0):
 garbage-first heap   total 285696K, used 252126K [0x0000000080000000, 0x0000000100000000)
  region size 1024K, 92 young (94208K), 3 survivors (3072K)
 Metaspace       used 127271K, committed 129408K, reserved 1179648K
  class space    used 17657K, committed 18688K, reserved 1048576K
}
Event: 86.590 GC heap after
{Heap after GC invocations=67 (full 0):
 garbage-first heap   total 285696K, used 166764K [0x0000000080000000, 0x0000000100000000)
  region size 1024K, 9 young (9216K), 9 survivors (9216K)
 Metaspace       used 127271K, committed 129408K, reserved 1179648K
  class space    used 17657K, committed 18688K, reserved 1048576K
}
Event: 87.125 GC heap before
{Heap before GC invocations=67 (full 0):
 garbage-first heap   total 285696K, used 255852K [0x0000000080000000, 0x0000000100000000)
  region size 1024K, 97 young (99328K), 9 survivors (9216K)
 Metaspace       used 127322K, committed 129472K, reserved 1179648K
  class space    used 17662K, committed 18688K, reserved 1048576K
}
Event: 87.134 GC heap after
{Heap after GC invocations=68 (full 0):
 garbage-first heap   total 285696K, used 167936K [0x0000000080000000, 0x0000000100000000)
  region size 1024K, 5 young (5120K), 5 survivors (5120K)
 Metaspace       used 127322K, committed 129472K, reserved 1179648K
  class space    used 17662K, committed 18688K, reserved 1048576K
}
Event: 87.637 GC heap before
{Heap before GC invocations=68 (full 0):
 garbage-first heap   total 285696K, used 261120K [0x0000000080000000, 0x0000000100000000)
  region size 1024K, 96 young (98304K), 5 survivors (5120K)
 Metaspace       used 127447K, committed 129664K, reserved 1179648K
  class space    used 17671K, committed 18752K, reserved 1048576K
}
Event: 87.643 GC heap after
{Heap after GC invocations=69 (full 0):
 garbage-first heap   total 285696K, used 170834K [0x0000000080000000, 0x0000000100000000)
  region size 1024K, 8 young (8192K), 8 survivors (8192K)
 Metaspace       used 127447K, committed 129664K, reserved 1179648K
  class space    used 17671K, committed 18752K, reserved 1048576K
}
Event: 96.026 GC heap before
{Heap before GC invocations=70 (full 0):
 garbage-first heap   total 285696K, used 240466K [0x0000000080000000, 0x0000000100000000)
  region size 1024K, 97 young (99328K), 8 survivors (8192K)
 Metaspace       used 128710K, committed 130944K, reserved 1179648K
  class space    used 17813K, committed 18880K, reserved 1048576K
}
Event: 96.038 GC heap after
{Heap after GC invocations=71 (full 0):
 garbage-first heap   total 285696K, used 154723K [0x0000000080000000, 0x0000000100000000)
  region size 1024K, 10 young (10240K), 10 survivors (10240K)
 Metaspace       used 128710K, committed 130944K, reserved 1179648K
  class space    used 17813K, committed 18880K, reserved 1048576K
}
Event: 98.648 GC heap before
{Heap before GC invocations=71 (full 0):
 garbage-first heap   total 285696K, used 260195K [0x0000000080000000, 0x0000000100000000)
  region size 1024K, 112 young (114688K), 10 survivors (10240K)
 Metaspace       used 133848K, committed 136128K, reserved 1179648K
  class space    used 18285K, committed 19392K, reserved 1048576K
}
Event: 98.661 GC heap after
{Heap after GC invocations=72 (full 0):
 garbage-first heap   total 285696K, used 146293K [0x0000000080000000, 0x0000000100000000)
  region size 1024K, 12 young (12288K), 12 survivors (12288K)
 Metaspace       used 133848K, committed 136128K, reserved 1179648K
  class space    used 18285K, committed 19392K, reserved 1048576K
}
Event: 101.325 GC heap before
{Heap before GC invocations=72 (full 0):
 garbage-first heap   total 285696K, used 220021K [0x0000000080000000, 0x0000000100000000)
  region size 1024K, 86 young (88064K), 12 survivors (12288K)
 Metaspace       used 149763K, committed 152064K, reserved 1179648K
  class space    used 20558K, committed 21632K, reserved 1048576K
}
Event: 101.346 GC heap after
{Heap after GC invocations=73 (full 0):
 garbage-first heap   total 285696K, used 152576K [0x0000000080000000, 0x0000000100000000)
  region size 1024K, 13 young (13312K), 13 survivors (13312K)
 Metaspace       used 149763K, committed 152064K, reserved 1179648K
  class space    used 20558K, committed 21632K, reserved 1048576K
}

