# JRE version: OpenJDK Runtime Environment (21.0.8) (build 21.0.8+-14196175-b1038.72)
# Java VM: OpenJDK 64-Bit Server VM (21.0.8+-14196175-b1038.72, mixed mode, tiered, compressed oops, compressed class ptrs, g1 gc, windows-amd64)
GC Precious Log:
 CardTable entry size: 512
 Card Set container configuration: InlinePtr #cards 5 size 8 Array Of Cards #cards 12 size 40 Howl #buckets 4 coarsen threshold 1843 Howl Bitmap #cards 512 size 80 coarsen threshold 460 Card regions per heap region 1 cards per card region 2048
 CPUs: 8 total, 8 available
 Memory: 7880M
 Large Page Support: Disabled
 NUMA Support: Disabled
 Compressed Oops: Enabled (32-bit)
 Heap Region Size: 1M
 Heap Min Capacity: 8M
 Heap Initial Capacity: 124M
 Heap Max Capacity: 2G
 Pre-touch: Disabled
 Parallel Workers: 8
 Concurrent Workers: 2
 Concurrent Refinement Workers: 8
 Periodic GC: Disabled
Heap:
 garbage-first heap   total 126976K, used 41590K [0x0000000080000000, 0x0000000100000000)
  region size 1024K, 31 young (31744K), 5 survivors (5120K)
 Metaspace       used 21109K, committed 21440K, reserved 1114112K
  class space    used 2537K, committed 2688K, reserved 1048576K
GC Heap History (6 events):
Event: 3.148 GC heap before
{Heap before GC invocations=0 (full 0):
 garbage-first heap   total 126976K, used 22528K [0x0000000080000000, 0x0000000100000000)
  region size 1024K, 23 young (23552K), 0 survivors (0K)
 Metaspace       used 8110K, committed 8256K, reserved 1114112K
  class space    used 745K, committed 832K, reserved 1048576K
}
Event: 3.155 GC heap after
{Heap after GC invocations=1 (full 0):
 garbage-first heap   total 126976K, used 2432K [0x0000000080000000, 0x0000000100000000)
  region size 1024K, 3 young (3072K), 3 survivors (3072K)
 Metaspace       used 8110K, committed 8256K, reserved 1114112K
  class space    used 745K, committed 832K, reserved 1048576K
}
Event: 10.435 GC heap before
{Heap before GC invocations=1 (full 0):
 garbage-first heap   total 126976K, used 40320K [0x0000000080000000, 0x0000000100000000)
  region size 1024K, 38 young (38912K), 3 survivors (3072K)
 Metaspace       used 12389K, committed 12608K, reserved 1114112K
  class space    used 1349K, committed 1472K, reserved 1048576K
}
Event: 10.450 GC heap after
{Heap after GC invocations=2 (full 0):
 garbage-first heap   total 126976K, used 10851K [0x0000000080000000, 0x0000000100000000)
  region size 1024K, 5 young (5120K), 5 survivors (5120K)
 Metaspace       used 12389K, committed 12608K, reserved 1114112K
  class space    used 1349K, committed 1472K, reserved 1048576K
}
Event: 18.814 GC heap before
{Heap before GC invocations=2 (full 0):
 garbage-first heap   total 126976K, used 58979K [0x0000000080000000, 0x0000000100000000)
  region size 1024K, 50 young (51200K), 5 survivors (5120K)
 Metaspace       used 13501K, committed 13760K, reserved 1114112K
  class space    used 1543K, committed 1664K, reserved 1048576K
}
Event: 18.832 GC heap after
{Heap after GC invocations=3 (full 0):
 garbage-first heap   total 126976K, used 17014K [0x0000000080000000, 0x0000000100000000)
  region size 1024K, 5 young (5120K), 5 survivors (5120K)
 Metaspace       used 13501K, committed 13760K, reserved 1114112K
  class space    used 1543K, committed 1664K, reserved 1048576K
}

