# JRE version: OpenJDK Runtime Environment (21.0.8) (build 21.0.8+-14196175-b1038.72)
# Java VM: OpenJDK 64-Bit Server VM (21.0.8+-14196175-b1038.72, mixed mode, tiered, compressed oops, compressed class ptrs, g1 gc, windows-amd64)
GC Precious Log:
 CardTable entry size: 512
 Card Set container configuration: InlinePtr #cards 5 size 8 Array Of Cards #cards 12 size 40 Howl #buckets 4 coarsen threshold 1843 Howl Bitmap #cards 512 size 80 coarsen threshold 460 Card regions per heap region 1 cards per card region 2048
 CPUs: 8 total, 8 available
 Memory: 7880M
 Large Page Support: Disabled
 NUMA Support: Disabled
 Compressed Oops: Enabled (32-bit)
 Heap Region Size: 1M
 Heap Min Capacity: 8M
 Heap Initial Capacity: 124M
 Heap Max Capacity: 2G
 Pre-touch: Disabled
 Parallel Workers: 8
 Concurrent Workers: 2
 Concurrent Refinement Workers: 8
 Periodic GC: Disabled
Heap:
 garbage-first heap   total 268288K, used 175423K [0x0000000080000000, 0x0000000100000000)
  region size 1024K, 9 young (9216K), 7 survivors (7168K)
 Metaspace       used 127970K, committed 130176K, reserved 1179648K
  class space    used 17744K, committed 18816K, reserved 1048576K
GC Heap History (20 events):
Event: 113.131 GC heap after
{Heap after GC invocations=40 (full 0):
 garbage-first heap   total 202752K, used 132820K [0x0000000080000000, 0x0000000100000000)
  region size 1024K, 9 young (9216K), 9 survivors (9216K)
 Metaspace       used 82484K, committed 84288K, reserved 1179648K
  class space    used 11551K, committed 12416K, reserved 1048576K
}
Event: 120.935 GC heap before
{Heap before GC invocations=40 (full 0):
 garbage-first heap   total 202752K, used 137940K [0x0000000080000000, 0x0000000100000000)
  region size 1024K, 16 young (16384K), 9 survivors (9216K)
 Metaspace       used 82939K, committed 84736K, reserved 1179648K
  class space    used 11589K, committed 12480K, reserved 1048576K
}
Event: 120.973 GC heap after
{Heap after GC invocations=41 (full 0):
 garbage-first heap   total 202752K, used 134723K [0x0000000080000000, 0x0000000100000000)
  region size 1024K, 2 young (2048K), 2 survivors (2048K)
 Metaspace       used 82939K, committed 84736K, reserved 1179648K
  class space    used 11589K, committed 12480K, reserved 1048576K
}
Event: 128.119 GC heap before
{Heap before GC invocations=42 (full 0):
 garbage-first heap   total 227328K, used 187971K [0x0000000080000000, 0x0000000100000000)
  region size 1024K, 54 young (55296K), 2 survivors (2048K)
 Metaspace       used 88073K, committed 89920K, reserved 1179648K
  class space    used 12196K, committed 13056K, reserved 1048576K
}
Event: 128.123 GC heap after
{Heap after GC invocations=43 (full 0):
 garbage-first heap   total 227328K, used 136389K [0x0000000080000000, 0x0000000100000000)
  region size 1024K, 3 young (3072K), 3 survivors (3072K)
 Metaspace       used 88073K, committed 89920K, reserved 1179648K
  class space    used 12196K, committed 13056K, reserved 1048576K
}
Event: 138.365 GC heap before
{Heap before GC invocations=43 (full 0):
 garbage-first heap   total 227328K, used 216261K [0x0000000080000000, 0x0000000100000000)
  region size 1024K, 76 young (77824K), 3 survivors (3072K)
 Metaspace       used 94762K, committed 96704K, reserved 1179648K
  class space    used 13083K, committed 14016K, reserved 1048576K
}
Event: 138.373 GC heap after
{Heap after GC invocations=44 (full 0):
 garbage-first heap   total 228352K, used 142546K [0x0000000080000000, 0x0000000100000000)
  region size 1024K, 9 young (9216K), 9 survivors (9216K)
 Metaspace       used 94762K, committed 96704K, reserved 1179648K
  class space    used 13083K, committed 14016K, reserved 1048576K
}
Event: 148.312 GC heap before
{Heap before GC invocations=44 (full 0):
 garbage-first heap   total 228352K, used 206034K [0x0000000080000000, 0x0000000100000000)
  region size 1024K, 71 young (72704K), 9 survivors (9216K)
 Metaspace       used 100475K, committed 102528K, reserved 1179648K
  class space    used 13833K, committed 14848K, reserved 1048576K
}
Event: 148.323 GC heap after
{Heap after GC invocations=45 (full 0):
 garbage-first heap   total 228352K, used 145423K [0x0000000080000000, 0x0000000100000000)
  region size 1024K, 4 young (4096K), 4 survivors (4096K)
 Metaspace       used 100475K, committed 102528K, reserved 1179648K
  class space    used 13833K, committed 14848K, reserved 1048576K
}
Event: 159.340 GC heap before
{Heap before GC invocations=46 (full 0):
 garbage-first heap   total 244736K, used 213007K [0x0000000080000000, 0x0000000100000000)
  region size 1024K, 67 young (68608K), 4 survivors (4096K)
 Metaspace       used 105246K, committed 107264K, reserved 1179648K
  class space    used 14533K, committed 15488K, reserved 1048576K
}
Event: 159.346 GC heap after
{Heap after GC invocations=47 (full 0):
 garbage-first heap   total 244736K, used 151470K [0x0000000080000000, 0x0000000100000000)
  region size 1024K, 7 young (7168K), 7 survivors (7168K)
 Metaspace       used 105246K, committed 107264K, reserved 1179648K
  class space    used 14533K, committed 15488K, reserved 1048576K
}
Event: 169.584 GC heap before
{Heap before GC invocations=47 (full 0):
 garbage-first heap   total 244736K, used 223150K [0x0000000080000000, 0x0000000100000000)
  region size 1024K, 77 young (78848K), 7 survivors (7168K)
 Metaspace       used 107601K, committed 109632K, reserved 1179648K
  class space    used 14848K, committed 15872K, reserved 1048576K
}
Event: 169.603 GC heap after
{Heap after GC invocations=48 (full 0):
 garbage-first heap   total 244736K, used 156590K [0x0000000080000000, 0x0000000100000000)
  region size 1024K, 10 young (10240K), 10 survivors (10240K)
 Metaspace       used 107601K, committed 109632K, reserved 1179648K
  class space    used 14848K, committed 15872K, reserved 1048576K
}
Event: 177.060 GC heap before
{Heap before GC invocations=48 (full 0):
 garbage-first heap   total 244736K, used 196526K [0x0000000080000000, 0x0000000100000000)
  region size 1024K, 50 young (51200K), 10 survivors (10240K)
 Metaspace       used 110715K, committed 112896K, reserved 1179648K
  class space    used 15288K, committed 16320K, reserved 1048576K
}
Event: 177.070 GC heap after
{Heap after GC invocations=49 (full 0):
 garbage-first heap   total 244736K, used 158357K [0x0000000080000000, 0x0000000100000000)
  region size 1024K, 3 young (3072K), 3 survivors (3072K)
 Metaspace       used 110715K, committed 112896K, reserved 1179648K
  class space    used 15288K, committed 16320K, reserved 1048576K
}
Event: 183.701 GC heap before
{Heap before GC invocations=50 (full 0):
 garbage-first heap   total 268288K, used 226965K [0x0000000080000000, 0x0000000100000000)
  region size 1024K, 69 young (70656K), 3 survivors (3072K)
 Metaspace       used 115992K, committed 118144K, reserved 1179648K
  class space    used 16221K, committed 17280K, reserved 1048576K
}
Event: 183.718 GC heap after
{Heap after GC invocations=51 (full 0):
 garbage-first heap   total 268288K, used 160196K [0x0000000080000000, 0x0000000100000000)
  region size 1024K, 4 young (4096K), 4 survivors (4096K)
 Metaspace       used 115992K, committed 118144K, reserved 1179648K
  class space    used 16221K, committed 17280K, reserved 1048576K
}
Event: 193.786 GC heap before
{Heap before GC invocations=51 (full 0):
 garbage-first heap   total 268288K, used 248260K [0x0000000080000000, 0x0000000100000000)
  region size 1024K, 91 young (93184K), 4 survivors (4096K)
 Metaspace       used 121863K, committed 124096K, reserved 1179648K
  class space    used 16978K, committed 18048K, reserved 1048576K
}
Event: 193.806 GC heap after
{Heap after GC invocations=52 (full 0):
 garbage-first heap   total 268288K, used 166765K [0x0000000080000000, 0x0000000100000000)
  region size 1024K, 11 young (11264K), 11 survivors (11264K)
 Metaspace       used 121863K, committed 124096K, reserved 1179648K
  class space    used 16978K, committed 18048K, reserved 1048576K
}
Event: 224.556 GC heap before
{Heap before GC invocations=52 (full 0):
 garbage-first heap   total 268288K, used 247661K [0x0000000080000000, 0x0000000100000000)
  region size 1024K, 84 young (86016K), 11 survivors (11264K)
 Metaspace       used 127968K, committed 130176K, reserved 1179648K
  class space    used 17744K, committed 18816K, reserved 1048576K
}

