# JRE version: OpenJDK Runtime Environment (21.0.8) (build 21.0.8+-14196175-b1038.72)
# Java VM: OpenJDK 64-Bit Server VM (21.0.8+-14196175-b1038.72, mixed mode, tiered, compressed oops, compressed class ptrs, g1 gc, windows-amd64)
GC Precious Log:
 CardTable entry size: 512
 Card Set container configuration: InlinePtr #cards 5 size 8 Array Of Cards #cards 12 size 40 Howl #buckets 4 coarsen threshold 1843 Howl Bitmap #cards 512 size 80 coarsen threshold 460 Card regions per heap region 1 cards per card region 2048
 CPUs: 8 total, 8 available
 Memory: 7880M
 Large Page Support: Disabled
 NUMA Support: Disabled
 Compressed Oops: Enabled (32-bit)
 Heap Region Size: 1M
 Heap Min Capacity: 8M
 Heap Initial Capacity: 124M
 Heap Max Capacity: 1972M
 Pre-touch: Disabled
 Parallel Workers: 8
 Concurrent Workers: 2
 Concurrent Refinement Workers: 8
 Periodic GC: Disabled
Heap:
 garbage-first heap   total 147456K, used 98165K [0x0000000084c00000, 0x0000000100000000)
  region size 1024K, 38 young (38912K), 9 survivors (9216K)
 Metaspace       used 67851K, committed 68096K, reserved 1114112K
  class space    used 7483K, committed 7616K, reserved 1048576K
GC Heap History (20 events):
Event: 7.503 GC heap before
{Heap before GC invocations=11 (full 0):
 garbage-first heap   total 46080K, used 38523K [0x0000000084c00000, 0x0000000100000000)
  region size 1024K, 19 young (19456K), 3 survivors (3072K)
 Metaspace       used 48585K, committed 48768K, reserved 1114112K
  class space    used 5730K, committed 5824K, reserved 1048576K
}
Event: 7.523 GC heap after
{Heap after GC invocations=12 (full 0):
 garbage-first heap   total 47104K, used 27348K [0x0000000084c00000, 0x0000000100000000)
  region size 1024K, 3 young (3072K), 3 survivors (3072K)
 Metaspace       used 48585K, committed 48768K, reserved 1114112K
  class space    used 5730K, committed 5824K, reserved 1048576K
}
Event: 7.645 GC heap before
{Heap before GC invocations=12 (full 0):
 garbage-first heap   total 47104K, used 32468K [0x0000000084c00000, 0x0000000100000000)
  region size 1024K, 9 young (9216K), 3 survivors (3072K)
 Metaspace       used 48823K, committed 49024K, reserved 1114112K
  class space    used 5756K, committed 5824K, reserved 1048576K
}
Event: 7.657 GC heap after
{Heap after GC invocations=13 (full 0):
 garbage-first heap   total 47104K, used 30051K [0x0000000084c00000, 0x0000000100000000)
  region size 1024K, 2 young (2048K), 2 survivors (2048K)
 Metaspace       used 48823K, committed 49024K, reserved 1114112K
  class space    used 5756K, committed 5824K, reserved 1048576K
}
Event: 7.726 GC heap before
{Heap before GC invocations=14 (full 0):
 garbage-first heap   total 53248K, used 40291K [0x0000000084c00000, 0x0000000100000000)
  region size 1024K, 11 young (11264K), 2 survivors (2048K)
 Metaspace       used 48853K, committed 49024K, reserved 1114112K
  class space    used 5756K, committed 5824K, reserved 1048576K
}
Event: 7.738 GC heap after
{Heap after GC invocations=15 (full 0):
 garbage-first heap   total 64512K, used 34438K [0x0000000084c00000, 0x0000000100000000)
  region size 1024K, 2 young (2048K), 2 survivors (2048K)
 Metaspace       used 48853K, committed 49024K, reserved 1114112K
  class space    used 5756K, committed 5824K, reserved 1048576K
}
Event: 8.386 GC heap before
{Heap before GC invocations=15 (full 0):
 garbage-first heap   total 64512K, used 49798K [0x0000000084c00000, 0x0000000100000000)
  region size 1024K, 18 young (18432K), 2 survivors (2048K)
 Metaspace       used 50003K, committed 50176K, reserved 1114112K
  class space    used 5896K, committed 5952K, reserved 1048576K
}
Event: 8.400 GC heap after
{Heap after GC invocations=16 (full 0):
 garbage-first heap   total 64512K, used 38712K [0x0000000084c00000, 0x0000000100000000)
  region size 1024K, 3 young (3072K), 3 survivors (3072K)
 Metaspace       used 50003K, committed 50176K, reserved 1114112K
  class space    used 5896K, committed 5952K, reserved 1048576K
}
Event: 8.853 GC heap before
{Heap before GC invocations=16 (full 0):
 garbage-first heap   total 64512K, used 53048K [0x0000000084c00000, 0x0000000100000000)
  region size 1024K, 17 young (17408K), 3 survivors (3072K)
 Metaspace       used 51468K, committed 51648K, reserved 1114112K
  class space    used 6045K, committed 6144K, reserved 1048576K
}
Event: 8.867 GC heap after
{Heap after GC invocations=17 (full 0):
 garbage-first heap   total 64512K, used 42354K [0x0000000084c00000, 0x0000000100000000)
  region size 1024K, 3 young (3072K), 3 survivors (3072K)
 Metaspace       used 51468K, committed 51648K, reserved 1114112K
  class space    used 6045K, committed 6144K, reserved 1048576K
}
Event: 9.845 GC heap before
{Heap before GC invocations=18 (full 0):
 garbage-first heap   total 71680K, used 53618K [0x0000000084c00000, 0x0000000100000000)
  region size 1024K, 14 young (14336K), 3 survivors (3072K)
 Metaspace       used 53547K, committed 53760K, reserved 1114112K
  class space    used 6287K, committed 6400K, reserved 1048576K
}
Event: 9.858 GC heap after
{Heap after GC invocations=19 (full 0):
 garbage-first heap   total 71680K, used 44006K [0x0000000084c00000, 0x0000000100000000)
  region size 1024K, 2 young (2048K), 2 survivors (2048K)
 Metaspace       used 53547K, committed 53760K, reserved 1114112K
  class space    used 6287K, committed 6400K, reserved 1048576K
}
Event: 11.300 GC heap before
{Heap before GC invocations=19 (full 0):
 garbage-first heap   total 71680K, used 60390K [0x0000000084c00000, 0x0000000100000000)
  region size 1024K, 18 young (18432K), 2 survivors (2048K)
 Metaspace       used 54749K, committed 54976K, reserved 1114112K
  class space    used 6418K, committed 6528K, reserved 1048576K
}
Event: 11.316 GC heap after
{Heap after GC invocations=20 (full 0):
 garbage-first heap   total 71680K, used 47104K [0x0000000084c00000, 0x0000000100000000)
  region size 1024K, 3 young (3072K), 3 survivors (3072K)
 Metaspace       used 54749K, committed 54976K, reserved 1114112K
  class space    used 6418K, committed 6528K, reserved 1048576K
}
Event: 12.798 GC heap before
{Heap before GC invocations=20 (full 0):
 garbage-first heap   total 71680K, used 61440K [0x0000000084c00000, 0x0000000100000000)
  region size 1024K, 17 young (17408K), 3 survivors (3072K)
 Metaspace       used 55542K, committed 55744K, reserved 1114112K
  class space    used 6459K, committed 6528K, reserved 1048576K
}
Event: 12.816 GC heap after
{Heap after GC invocations=21 (full 0):
 garbage-first heap   total 147456K, used 50942K [0x0000000084c00000, 0x0000000100000000)
  region size 1024K, 3 young (3072K), 3 survivors (3072K)
 Metaspace       used 55542K, committed 55744K, reserved 1114112K
  class space    used 6459K, committed 6528K, reserved 1048576K
}
Event: 19.162 GC heap before
{Heap before GC invocations=22 (full 0):
 garbage-first heap   total 147456K, used 114430K [0x0000000084c00000, 0x0000000100000000)
  region size 1024K, 67 young (68608K), 3 survivors (3072K)
 Metaspace       used 60560K, committed 60864K, reserved 1114112K
  class space    used 6822K, committed 6976K, reserved 1048576K
}
Event: 19.194 GC heap after
{Heap after GC invocations=23 (full 0):
 garbage-first heap   total 147456K, used 59798K [0x0000000084c00000, 0x0000000100000000)
  region size 1024K, 9 young (9216K), 9 survivors (9216K)
 Metaspace       used 60560K, committed 60864K, reserved 1114112K
  class space    used 6822K, committed 6976K, reserved 1048576K
}
Event: 31.831 GC heap before
{Heap before GC invocations=23 (full 0):
 garbage-first heap   total 147456K, used 118166K [0x0000000084c00000, 0x0000000100000000)
  region size 1024K, 67 young (68608K), 9 survivors (9216K)
 Metaspace       used 67447K, committed 67712K, reserved 1114112K
  class space    used 7458K, committed 7616K, reserved 1048576K
}
Event: 31.908 GC heap after
{Heap after GC invocations=24 (full 0):
 garbage-first heap   total 147456K, used 69493K [0x0000000084c00000, 0x0000000100000000)
  region size 1024K, 9 young (9216K), 9 survivors (9216K)
 Metaspace       used 67447K, committed 67712K, reserved 1114112K
  class space    used 7458K, committed 7616K, reserved 1048576K
}

