# JRE version: OpenJDK Runtime Environment (21.0.8) (build 21.0.8+-14196175-b1038.72)
# Java VM: OpenJDK 64-Bit Server VM (21.0.8+-14196175-b1038.72, mixed mode, tiered, compressed oops, compressed class ptrs, g1 gc, windows-amd64)
GC Precious Log:
 CardTable entry size: 512
 Card Set container configuration: InlinePtr #cards 5 size 8 Array Of Cards #cards 12 size 40 Howl #buckets 4 coarsen threshold 1843 Howl Bitmap #cards 512 size 80 coarsen threshold 460 Card regions per heap region 1 cards per card region 2048
 CPUs: 8 total, 8 available
 Memory: 7880M
 Large Page Support: Disabled
 NUMA Support: Disabled
 Compressed Oops: Enabled (32-bit)
 Heap Region Size: 1M
 Heap Min Capacity: 8M
 Heap Initial Capacity: 124M
 Heap Max Capacity: 2G
 Pre-touch: Disabled
 Parallel Workers: 8
 Concurrent Workers: 2
 Concurrent Refinement Workers: 8
 Periodic GC: Disabled
Heap:
 garbage-first heap   total 177152K, used 119928K [0x0000000080000000, 0x0000000100000000)
  region size 1024K, 8 young (8192K), 6 survivors (6144K)
 Metaspace       used 120541K, committed 122752K, reserved 1179648K
  class space    used 16890K, committed 17984K, reserved 1048576K
GC Heap History (20 events):
Event: 84.283 GC heap after
{Heap after GC invocations=47 (full 0):
 garbage-first heap   total 140288K, used 91413K [0x0000000080000000, 0x0000000100000000)
  region size 1024K, 6 young (6144K), 6 survivors (6144K)
 Metaspace       used 92747K, committed 94656K, reserved 1179648K
  class space    used 12819K, committed 13760K, reserved 1048576K
}
Event: 86.481 GC heap before
{Heap before GC invocations=48 (full 0):
 garbage-first heap   total 153600K, used 125205K [0x0000000080000000, 0x0000000100000000)
  region size 1024K, 39 young (39936K), 6 survivors (6144K)
 Metaspace       used 92747K, committed 94656K, reserved 1179648K
  class space    used 12819K, committed 13760K, reserved 1048576K
}
Event: 86.489 GC heap after
{Heap after GC invocations=49 (full 0):
 garbage-first heap   total 153600K, used 94277K [0x0000000080000000, 0x0000000100000000)
  region size 1024K, 4 young (4096K), 4 survivors (4096K)
 Metaspace       used 92747K, committed 94656K, reserved 1179648K
  class space    used 12819K, committed 13760K, reserved 1048576K
}
Event: 92.419 GC heap before
{Heap before GC invocations=49 (full 0):
 garbage-first heap   total 153600K, used 139333K [0x0000000080000000, 0x0000000100000000)
  region size 1024K, 48 young (49152K), 4 survivors (4096K)
 Metaspace       used 96329K, committed 98240K, reserved 1179648K
  class space    used 13310K, committed 14272K, reserved 1048576K
}
Event: 92.425 GC heap after
{Heap after GC invocations=50 (full 0):
 garbage-first heap   total 153600K, used 95626K [0x0000000080000000, 0x0000000100000000)
  region size 1024K, 5 young (5120K), 5 survivors (5120K)
 Metaspace       used 96329K, committed 98240K, reserved 1179648K
  class space    used 13310K, committed 14272K, reserved 1048576K
}
Event: 93.928 GC heap before
{Heap before GC invocations=50 (full 0):
 garbage-first heap   total 153600K, used 112010K [0x0000000080000000, 0x0000000100000000)
  region size 1024K, 22 young (22528K), 5 survivors (5120K)
 Metaspace       used 97779K, committed 99776K, reserved 1179648K
  class space    used 13521K, committed 14464K, reserved 1048576K
}
Event: 93.940 GC heap after
{Heap after GC invocations=51 (full 0):
 garbage-first heap   total 153600K, used 96555K [0x0000000080000000, 0x0000000100000000)
  region size 1024K, 4 young (4096K), 4 survivors (4096K)
 Metaspace       used 97779K, committed 99776K, reserved 1179648K
  class space    used 13521K, committed 14464K, reserved 1048576K
}
Event: 97.866 GC heap before
{Heap before GC invocations=52 (full 0):
 garbage-first heap   total 163840K, used 141611K [0x0000000080000000, 0x0000000100000000)
  region size 1024K, 47 young (48128K), 4 survivors (4096K)
 Metaspace       used 101421K, committed 103424K, reserved 1179648K
  class space    used 14144K, committed 15104K, reserved 1048576K
}
Event: 97.871 GC heap after
{Heap after GC invocations=53 (full 0):
 garbage-first heap   total 163840K, used 97497K [0x0000000080000000, 0x0000000100000000)
  region size 1024K, 5 young (5120K), 5 survivors (5120K)
 Metaspace       used 101421K, committed 103424K, reserved 1179648K
  class space    used 14144K, committed 15104K, reserved 1048576K
}
Event: 102.167 GC heap before
{Heap before GC invocations=53 (full 0):
 garbage-first heap   total 163840K, used 149721K [0x0000000080000000, 0x0000000100000000)
  region size 1024K, 56 young (57344K), 5 survivors (5120K)
 Metaspace       used 105339K, committed 107392K, reserved 1179648K
  class space    used 14775K, committed 15744K, reserved 1048576K
}
Event: 102.174 GC heap after
{Heap after GC invocations=54 (full 0):
 garbage-first heap   total 163840K, used 99329K [0x0000000080000000, 0x0000000100000000)
  region size 1024K, 5 young (5120K), 5 survivors (5120K)
 Metaspace       used 105339K, committed 107392K, reserved 1179648K
  class space    used 14775K, committed 15744K, reserved 1048576K
}
Event: 105.271 GC heap before
{Heap before GC invocations=54 (full 0):
 garbage-first heap   total 163840K, used 149505K [0x0000000080000000, 0x0000000100000000)
  region size 1024K, 54 young (55296K), 5 survivors (5120K)
 Metaspace       used 108832K, committed 110912K, reserved 1179648K
  class space    used 15286K, committed 16256K, reserved 1048576K
}
Event: 105.279 GC heap after
{Heap after GC invocations=55 (full 0):
 garbage-first heap   total 163840K, used 101368K [0x0000000080000000, 0x0000000100000000)
  region size 1024K, 6 young (6144K), 6 survivors (6144K)
 Metaspace       used 108832K, committed 110912K, reserved 1179648K
  class space    used 15286K, committed 16256K, reserved 1048576K
}
Event: 107.805 GC heap before
{Heap before GC invocations=55 (full 0):
 garbage-first heap   total 163840K, used 148472K [0x0000000080000000, 0x0000000100000000)
  region size 1024K, 52 young (53248K), 6 survivors (6144K)
 Metaspace       used 112343K, committed 114496K, reserved 1179648K
  class space    used 15835K, committed 16896K, reserved 1048576K
}
Event: 107.812 GC heap after
{Heap after GC invocations=56 (full 0):
 garbage-first heap   total 163840K, used 103737K [0x0000000080000000, 0x0000000100000000)
  region size 1024K, 6 young (6144K), 6 survivors (6144K)
 Metaspace       used 112343K, committed 114496K, reserved 1179648K
  class space    used 15835K, committed 16896K, reserved 1048576K
}
Event: 108.881 GC heap before
{Heap before GC invocations=57 (full 0):
 garbage-first heap   total 174080K, used 146745K [0x0000000080000000, 0x0000000100000000)
  region size 1024K, 49 young (50176K), 6 survivors (6144K)
 Metaspace       used 115540K, committed 117696K, reserved 1179648K
  class space    used 16302K, committed 17344K, reserved 1048576K
}
Event: 108.891 GC heap after
{Heap after GC invocations=58 (full 0):
 garbage-first heap   total 174080K, used 109490K [0x0000000080000000, 0x0000000100000000)
  region size 1024K, 7 young (7168K), 7 survivors (7168K)
 Metaspace       used 115540K, committed 117696K, reserved 1179648K
  class space    used 16302K, committed 17344K, reserved 1048576K
}
Event: 131.461 GC heap before
{Heap before GC invocations=58 (full 0):
 garbage-first heap   total 174080K, used 161714K [0x0000000080000000, 0x0000000100000000)
  region size 1024K, 54 young (55296K), 7 survivors (7168K)
 Metaspace       used 120274K, committed 122432K, reserved 1179648K
  class space    used 16883K, committed 17920K, reserved 1048576K
}
Event: 131.474 GC heap after
{Heap after GC invocations=59 (full 0):
 garbage-first heap   total 177152K, used 112938K [0x0000000080000000, 0x0000000100000000)
  region size 1024K, 6 young (6144K), 6 survivors (6144K)
 Metaspace       used 120274K, committed 122432K, reserved 1179648K
  class space    used 16883K, committed 17920K, reserved 1048576K
}
Event: 137.494 GC heap before
{Heap before GC invocations=59 (full 0):
 garbage-first heap   total 177152K, used 160042K [0x0000000080000000, 0x0000000100000000)
  region size 1024K, 52 young (53248K), 6 survivors (6144K)
 Metaspace       used 120541K, committed 122752K, reserved 1179648K
  class space    used 16890K, committed 17984K, reserved 1048576K
}

