# JRE version: OpenJDK Runtime Environment (21.0.8) (build 21.0.8+-14196175-b1038.72)
# Java VM: OpenJDK 64-Bit Server VM (21.0.8+-14196175-b1038.72, mixed mode, tiered, compressed oops, compressed class ptrs, g1 gc, windows-amd64)
GC Precious Log:
 CardTable entry size: 512
 Card Set container configuration: InlinePtr #cards 5 size 8 Array Of Cards #cards 12 size 40 Howl #buckets 4 coarsen threshold 1843 Howl Bitmap #cards 512 size 80 coarsen threshold 460 Card regions per heap region 1 cards per card region 2048
 CPUs: 8 total, 8 available
 Memory: 7880M
 Large Page Support: Disabled
 NUMA Support: Disabled
 Compressed Oops: Enabled (32-bit)
 Heap Region Size: 1M
 Heap Min Capacity: 8M
 Heap Initial Capacity: 124M
 Heap Max Capacity: 2G
 Pre-touch: Disabled
 Parallel Workers: 8
 Concurrent Workers: 2
 Concurrent Refinement Workers: 8
 Periodic GC: Disabled
Heap:
 garbage-first heap   total 105472K, used 74639K [0x0000000080000000, 0x0000000100000000)
  region size 1024K, 4 young (4096K), 2 survivors (2048K)
 Metaspace       used 72426K, committed 74176K, reserved 1114112K
  class space    used 10080K, committed 10944K, reserved 1048576K
GC Heap History (20 events):
Event: 27.873 GC heap before
{Heap before GC invocations=23 (full 0):
 garbage-first heap   total 75776K, used 66186K [0x0000000080000000, 0x0000000100000000)
  region size 1024K, 22 young (22528K), 3 survivors (3072K)
 Metaspace       used 67694K, committed 69376K, reserved 1114112K
  class space    used 9552K, committed 10368K, reserved 1048576K
}
Event: 27.876 GC heap after
{Heap after GC invocations=24 (full 0):
 garbage-first heap   total 75776K, used 48340K [0x0000000080000000, 0x0000000100000000)
  region size 1024K, 3 young (3072K), 3 survivors (3072K)
 Metaspace       used 67694K, committed 69376K, reserved 1114112K
  class space    used 9552K, committed 10368K, reserved 1048576K
}
Event: 28.146 GC heap before
{Heap before GC invocations=25 (full 0):
 garbage-first heap   total 81920K, used 65748K [0x0000000080000000, 0x0000000100000000)
  region size 1024K, 21 young (21504K), 3 survivors (3072K)
 Metaspace       used 67796K, committed 69440K, reserved 1114112K
  class space    used 9552K, committed 10368K, reserved 1048576K
}
Event: 28.150 GC heap after
{Heap after GC invocations=26 (full 0):
 garbage-first heap   total 81920K, used 48656K [0x0000000080000000, 0x0000000100000000)
  region size 1024K, 3 young (3072K), 3 survivors (3072K)
 Metaspace       used 67796K, committed 69440K, reserved 1114112K
  class space    used 9552K, committed 10368K, reserved 1048576K
}
Event: 28.499 GC heap before
{Heap before GC invocations=26 (full 0):
 garbage-first heap   total 81920K, used 71184K [0x0000000080000000, 0x0000000100000000)
  region size 1024K, 26 young (26624K), 3 survivors (3072K)
 Metaspace       used 67897K, committed 69568K, reserved 1114112K
  class space    used 9552K, committed 10368K, reserved 1048576K
}
Event: 28.504 GC heap after
{Heap after GC invocations=27 (full 0):
 garbage-first heap   total 81920K, used 48016K [0x0000000080000000, 0x0000000100000000)
  region size 1024K, 3 young (3072K), 3 survivors (3072K)
 Metaspace       used 67897K, committed 69568K, reserved 1114112K
  class space    used 9552K, committed 10368K, reserved 1048576K
}
Event: 28.871 GC heap before
{Heap before GC invocations=27 (full 0):
 garbage-first heap   total 81920K, used 71568K [0x0000000080000000, 0x0000000100000000)
  region size 1024K, 27 young (27648K), 3 survivors (3072K)
 Metaspace       used 67929K, committed 69568K, reserved 1114112K
  class space    used 9552K, committed 10368K, reserved 1048576K
}
Event: 28.876 GC heap after
{Heap after GC invocations=28 (full 0):
 garbage-first heap   total 81920K, used 48658K [0x0000000080000000, 0x0000000100000000)
  region size 1024K, 4 young (4096K), 4 survivors (4096K)
 Metaspace       used 67929K, committed 69568K, reserved 1114112K
  class space    used 9552K, committed 10368K, reserved 1048576K
}
Event: 29.228 GC heap before
{Heap before GC invocations=29 (full 0):
 garbage-first heap   total 83968K, used 70162K [0x0000000080000000, 0x0000000100000000)
  region size 1024K, 26 young (26624K), 4 survivors (4096K)
 Metaspace       used 67945K, committed 69568K, reserved 1114112K
  class space    used 9552K, committed 10368K, reserved 1048576K
}
Event: 29.233 GC heap after
{Heap after GC invocations=30 (full 0):
 garbage-first heap   total 83968K, used 48962K [0x0000000080000000, 0x0000000100000000)
  region size 1024K, 3 young (3072K), 3 survivors (3072K)
 Metaspace       used 67945K, committed 69568K, reserved 1114112K
  class space    used 9552K, committed 10368K, reserved 1048576K
}
Event: 29.494 GC heap before
{Heap before GC invocations=30 (full 0):
 garbage-first heap   total 83968K, used 74562K [0x0000000080000000, 0x0000000100000000)
  region size 1024K, 29 young (29696K), 3 survivors (3072K)
 Metaspace       used 67948K, committed 69568K, reserved 1114112K
  class space    used 9552K, committed 10368K, reserved 1048576K
}
Event: 29.501 GC heap after
{Heap after GC invocations=31 (full 0):
 garbage-first heap   total 101376K, used 48641K [0x0000000080000000, 0x0000000100000000)
  region size 1024K, 3 young (3072K), 3 survivors (3072K)
 Metaspace       used 67948K, committed 69568K, reserved 1114112K
  class space    used 9552K, committed 10368K, reserved 1048576K
}
Event: 30.278 GC heap before
{Heap before GC invocations=31 (full 0):
 garbage-first heap   total 101376K, used 87553K [0x0000000080000000, 0x0000000100000000)
  region size 1024K, 37 young (37888K), 3 survivors (3072K)
 Metaspace       used 68289K, committed 69888K, reserved 1114112K
  class space    used 9589K, committed 10368K, reserved 1048576K
}
Event: 30.284 GC heap after
{Heap after GC invocations=32 (full 0):
 garbage-first heap   total 101376K, used 57789K [0x0000000080000000, 0x0000000100000000)
  region size 1024K, 6 young (6144K), 6 survivors (6144K)
 Metaspace       used 68289K, committed 69888K, reserved 1114112K
  class space    used 9589K, committed 10368K, reserved 1048576K
}
Event: 59.945 GC heap before
{Heap before GC invocations=33 (full 0):
 garbage-first heap   total 104448K, used 93629K [0x0000000080000000, 0x0000000100000000)
  region size 1024K, 36 young (36864K), 6 survivors (6144K)
 Metaspace       used 68401K, committed 70016K, reserved 1114112K
  class space    used 9590K, committed 10368K, reserved 1048576K
}
Event: 59.951 GC heap after
{Heap after GC invocations=34 (full 0):
 garbage-first heap   total 105472K, used 67359K [0x0000000080000000, 0x0000000100000000)
  region size 1024K, 5 young (5120K), 5 survivors (5120K)
 Metaspace       used 68401K, committed 70016K, reserved 1114112K
  class space    used 9590K, committed 10368K, reserved 1048576K
}
Event: 66.146 GC heap before
{Heap before GC invocations=34 (full 0):
 garbage-first heap   total 105472K, used 93983K [0x0000000080000000, 0x0000000100000000)
  region size 1024K, 30 young (30720K), 5 survivors (5120K)
 Metaspace       used 69994K, committed 71616K, reserved 1114112K
  class space    used 9811K, committed 10624K, reserved 1048576K
}
Event: 66.152 GC heap after
{Heap after GC invocations=35 (full 0):
 garbage-first heap   total 105472K, used 72446K [0x0000000080000000, 0x0000000100000000)
  region size 1024K, 4 young (4096K), 4 survivors (4096K)
 Metaspace       used 69994K, committed 71616K, reserved 1114112K
  class space    used 9811K, committed 10624K, reserved 1048576K
}
Event: 68.776 GC heap before
{Heap before GC invocations=35 (full 0):
 garbage-first heap   total 105472K, used 93950K [0x0000000080000000, 0x0000000100000000)
  region size 1024K, 26 young (26624K), 4 survivors (4096K)
 Metaspace       used 72109K, committed 73792K, reserved 1114112K
  class space    used 10061K, committed 10880K, reserved 1048576K
}
Event: 68.779 GC heap after
{Heap after GC invocations=36 (full 0):
 garbage-first heap   total 105472K, used 73615K [0x0000000080000000, 0x0000000100000000)
  region size 1024K, 2 young (2048K), 2 survivors (2048K)
 Metaspace       used 72109K, committed 73792K, reserved 1114112K
  class space    used 10061K, committed 10880K, reserved 1048576K
}

