# JRE version: OpenJDK Runtime Environment (21.0.8) (build 21.0.8+-14196175-b1038.72)
# Java VM: OpenJDK 64-Bit Server VM (21.0.8+-14196175-b1038.72, mixed mode, tiered, compressed oops, compressed class ptrs, g1 gc, windows-amd64)
GC Precious Log:
 CardTable entry size: 512
 Card Set container configuration: InlinePtr #cards 4 size 8 Array Of Cards #cards 16 size 48 Howl #buckets 8 coarsen threshold 3686 Howl Bitmap #cards 512 size 80 coarsen threshold 460 Card regions per heap region 1 cards per card region 4096
 CPUs: 8 total, 8 available
 Memory: 7880M
 Large Page Support: Disabled
 NUMA Support: Disabled
 Compressed Oops: Enabled (Zero based)
 Heap Region Size: 2M
 Heap Min Capacity: 8M
 Heap Initial Capacity: 124M
 Heap Max Capacity: 4G
 Pre-touch: Disabled
 Parallel Workers: 8
 Concurrent Workers: 2
 Concurrent Refinement Workers: 8
 Periodic GC: Disabled
Heap:
 garbage-first heap   total 827392K, used 236564K [0x0000000700000000, 0x0000000800000000)
  region size 2048K, 16 young (32768K), 16 survivors (32768K)
 Metaspace       used 146143K, committed 148352K, reserved 1179648K
  class space    used 20519K, committed 21568K, reserved 1048576K
GC Heap History (20 events):
Event: 107.954 GC heap after
{Heap after GC invocations=110 (full 0):
 garbage-first heap   total 602112K, used 211023K [0x0000000700000000, 0x0000000800000000)
  region size 2048K, 7 young (14336K), 7 survivors (14336K)
 Metaspace       used 146008K, committed 148224K, reserved 1179648K
  class space    used 20511K, committed 21568K, reserved 1048576K
}
Event: 108.487 GC heap before
{Heap before GC invocations=110 (full 0):
 garbage-first heap   total 602112K, used 550991K [0x0000000700000000, 0x0000000800000000)
  region size 2048K, 174 young (356352K), 7 survivors (14336K)
 Metaspace       used 146024K, committed 148224K, reserved 1179648K
  class space    used 20511K, committed 21568K, reserved 1048576K
}
Event: 108.501 GC heap after
{Heap after GC invocations=111 (full 0):
 garbage-first heap   total 602112K, used 208018K [0x0000000700000000, 0x0000000800000000)
  region size 2048K, 7 young (14336K), 7 survivors (14336K)
 Metaspace       used 146024K, committed 148224K, reserved 1179648K
  class space    used 20511K, committed 21568K, reserved 1048576K
}
Event: 109.211 GC heap before
{Heap before GC invocations=111 (full 0):
 garbage-first heap   total 602112K, used 552082K [0x0000000700000000, 0x0000000800000000)
  region size 2048K, 176 young (360448K), 7 survivors (14336K)
 Metaspace       used 146043K, committed 148224K, reserved 1179648K
  class space    used 20514K, committed 21568K, reserved 1048576K
}
Event: 109.222 GC heap after
{Heap after GC invocations=112 (full 0):
 garbage-first heap   total 602112K, used 206413K [0x0000000700000000, 0x0000000800000000)
  region size 2048K, 6 young (12288K), 6 survivors (12288K)
 Metaspace       used 146043K, committed 148224K, reserved 1179648K
  class space    used 20514K, committed 21568K, reserved 1048576K
}
Event: 109.897 GC heap before
{Heap before GC invocations=113 (full 0):
 garbage-first heap   total 602112K, used 552525K [0x0000000700000000, 0x0000000800000000)
  region size 2048K, 176 young (360448K), 6 survivors (12288K)
 Metaspace       used 146055K, committed 148288K, reserved 1179648K
  class space    used 20515K, committed 21568K, reserved 1048576K
}
Event: 109.910 GC heap after
{Heap after GC invocations=114 (full 0):
 garbage-first heap   total 602112K, used 205350K [0x0000000700000000, 0x0000000800000000)
  region size 2048K, 7 young (14336K), 7 survivors (14336K)
 Metaspace       used 146055K, committed 148288K, reserved 1179648K
  class space    used 20515K, committed 21568K, reserved 1048576K
}
Event: 110.542 GC heap before
{Heap before GC invocations=114 (full 0):
 garbage-first heap   total 602112K, used 549414K [0x0000000700000000, 0x0000000800000000)
  region size 2048K, 176 young (360448K), 7 survivors (14336K)
 Metaspace       used 146068K, committed 148288K, reserved 1179648K
  class space    used 20515K, committed 21568K, reserved 1048576K
}
Event: 110.556 GC heap after
{Heap after GC invocations=115 (full 0):
 garbage-first heap   total 827392K, used 200290K [0x0000000700000000, 0x0000000800000000)
  region size 2048K, 10 young (20480K), 10 survivors (20480K)
 Metaspace       used 146068K, committed 148288K, reserved 1179648K
  class space    used 20515K, committed 21568K, reserved 1048576K
}
Event: 111.397 GC heap before
{Heap before GC invocations=115 (full 0):
 garbage-first heap   total 827392K, used 675426K [0x0000000700000000, 0x0000000800000000)
  region size 2048K, 242 young (495616K), 10 survivors (20480K)
 Metaspace       used 146085K, committed 148288K, reserved 1179648K
  class space    used 20515K, committed 21568K, reserved 1048576K
}
Event: 111.536 GC heap after
{Heap after GC invocations=116 (full 0):
 garbage-first heap   total 827392K, used 219254K [0x0000000700000000, 0x0000000800000000)
  region size 2048K, 19 young (38912K), 19 survivors (38912K)
 Metaspace       used 146085K, committed 148288K, reserved 1179648K
  class space    used 20515K, committed 21568K, reserved 1048576K
}
Event: 112.307 GC heap before
{Heap before GC invocations=116 (full 0):
 garbage-first heap   total 827392K, used 675958K [0x0000000700000000, 0x0000000800000000)
  region size 2048K, 242 young (495616K), 19 survivors (38912K)
 Metaspace       used 146092K, committed 148288K, reserved 1179648K
  class space    used 20515K, committed 21568K, reserved 1048576K
}
Event: 112.387 GC heap after
{Heap after GC invocations=117 (full 0):
 garbage-first heap   total 827392K, used 232839K [0x0000000700000000, 0x0000000800000000)
  region size 2048K, 23 young (47104K), 23 survivors (47104K)
 Metaspace       used 146092K, committed 148288K, reserved 1179648K
  class space    used 20515K, committed 21568K, reserved 1048576K
}
Event: 112.730 GC heap before
{Heap before GC invocations=117 (full 0):
 garbage-first heap   total 827392K, used 517511K [0x0000000700000000, 0x0000000800000000)
  region size 2048K, 163 young (333824K), 23 survivors (47104K)
 Metaspace       used 146104K, committed 148288K, reserved 1179648K
  class space    used 20515K, committed 21568K, reserved 1048576K
}
Event: 112.757 GC heap after
{Heap after GC invocations=118 (full 0):
 garbage-first heap   total 827392K, used 235430K [0x0000000700000000, 0x0000000800000000)
  region size 2048K, 11 young (22528K), 11 survivors (22528K)
 Metaspace       used 146104K, committed 148288K, reserved 1179648K
  class space    used 20515K, committed 21568K, reserved 1048576K
}
Event: 113.770 GC heap before
{Heap before GC invocations=119 (full 0):
 garbage-first heap   total 792576K, used 688038K [0x0000000700000000, 0x0000000800000000)
  region size 2048K, 232 young (475136K), 11 survivors (22528K)
 Metaspace       used 146116K, committed 148288K, reserved 1179648K
  class space    used 20516K, committed 21568K, reserved 1048576K
}
Event: 113.787 GC heap after
{Heap after GC invocations=120 (full 0):
 garbage-first heap   total 792576K, used 234064K [0x0000000700000000, 0x0000000800000000)
  region size 2048K, 11 young (22528K), 11 survivors (22528K)
 Metaspace       used 146116K, committed 148288K, reserved 1179648K
  class space    used 20516K, committed 21568K, reserved 1048576K
}
Event: 114.452 GC heap before
{Heap before GC invocations=120 (full 0):
 garbage-first heap   total 792576K, used 686672K [0x0000000700000000, 0x0000000800000000)
  region size 2048K, 232 young (475136K), 11 survivors (22528K)
 Metaspace       used 146126K, committed 148288K, reserved 1179648K
  class space    used 20518K, committed 21568K, reserved 1048576K
}
Event: 114.474 GC heap after
{Heap after GC invocations=121 (full 0):
 garbage-first heap   total 792576K, used 232468K [0x0000000700000000, 0x0000000800000000)
  region size 2048K, 14 young (28672K), 14 survivors (28672K)
 Metaspace       used 146126K, committed 148288K, reserved 1179648K
  class space    used 20518K, committed 21568K, reserved 1048576K
}
Event: 114.623 GC heap before
{Heap before GC invocations=121 (full 0):
 garbage-first heap   total 792576K, used 361492K [0x0000000700000000, 0x0000000800000000)
  region size 2048K, 78 young (159744K), 14 survivors (28672K)
 Metaspace       used 146143K, committed 148352K, reserved 1179648K
  class space    used 20519K, committed 21568K, reserved 1048576K
}

