# JRE version: OpenJDK Runtime Environment (21.0.8) (build 21.0.8+-14196175-b1038.72)
# Java VM: OpenJDK 64-Bit Server VM (21.0.8+-14196175-b1038.72, mixed mode, tiered, compressed oops, compressed class ptrs, g1 gc, windows-amd64)
GC Precious Log:
 CardTable entry size: 512
 Card Set container configuration: InlinePtr #cards 4 size 8 Array Of Cards #cards 16 size 48 Howl #buckets 8 coarsen threshold 3686 Howl Bitmap #cards 512 size 80 coarsen threshold 460 Card regions per heap region 1 cards per card region 4096
 CPUs: 8 total, 8 available
 Memory: 7880M
 Large Page Support: Disabled
 NUMA Support: Disabled
 Compressed Oops: Enabled (Zero based)
 Heap Region Size: 2M
 Heap Min Capacity: 8M
 Heap Initial Capacity: 124M
 Heap Max Capacity: 4G
 Pre-touch: Disabled
 Parallel Workers: 8
 Concurrent Workers: 2
 Concurrent Refinement Workers: 8
 Periodic GC: Disabled
Heap:
 garbage-first heap   total 811008K, used 279322K [0x0000000700000000, 0x0000000800000000)
  region size 2048K, 11 young (22528K), 11 survivors (22528K)
 Metaspace       used 150400K, committed 152832K, reserved 1179648K
  class space    used 21092K, committed 22272K, reserved 1048576K
GC Heap History (20 events):
Event: 67.854 GC heap after
{Heap after GC invocations=87 (full 0):
 garbage-first heap   total 675840K, used 299591K [0x0000000700000000, 0x0000000800000000)
  region size 2048K, 13 young (26624K), 13 survivors (26624K)
 Metaspace       used 150017K, committed 152448K, reserved 1179648K
  class space    used 21060K, committed 22208K, reserved 1048576K
}
Event: 68.499 GC heap before
{Heap before GC invocations=87 (full 0):
 garbage-first heap   total 675840K, used 612935K [0x0000000700000000, 0x0000000800000000)
  region size 2048K, 166 young (339968K), 13 survivors (26624K)
 Metaspace       used 150049K, committed 152448K, reserved 1179648K
  class space    used 21060K, committed 22208K, reserved 1048576K
}
Event: 68.523 GC heap after
{Heap after GC invocations=88 (full 0):
 garbage-first heap   total 675840K, used 293529K [0x0000000700000000, 0x0000000800000000)
  region size 2048K, 10 young (20480K), 10 survivors (20480K)
 Metaspace       used 150049K, committed 152448K, reserved 1179648K
  class space    used 21060K, committed 22208K, reserved 1048576K
}
Event: 68.668 GC heap before
{Heap before GC invocations=88 (full 0):
 garbage-first heap   total 675840K, used 359065K [0x0000000700000000, 0x0000000800000000)
  region size 2048K, 43 young (88064K), 10 survivors (20480K)
 Metaspace       used 150051K, committed 152448K, reserved 1179648K
  class space    used 21060K, committed 22208K, reserved 1048576K
}
Event: 68.780 GC heap after
{Heap after GC invocations=89 (full 0):
 garbage-first heap   total 811008K, used 294037K [0x0000000700000000, 0x0000000800000000)
  region size 2048K, 10 young (20480K), 10 survivors (20480K)
 Metaspace       used 150051K, committed 152448K, reserved 1179648K
  class space    used 21060K, committed 22208K, reserved 1048576K
}
Event: 69.803 GC heap before
{Heap before GC invocations=89 (full 0):
 garbage-first heap   total 811008K, used 746645K [0x0000000700000000, 0x0000000800000000)
  region size 2048K, 230 young (471040K), 10 survivors (20480K)
 Metaspace       used 150080K, committed 152448K, reserved 1179648K
  class space    used 21060K, committed 22208K, reserved 1048576K
}
Event: 69.819 GC heap after
{Heap after GC invocations=90 (full 0):
 garbage-first heap   total 811008K, used 289714K [0x0000000700000000, 0x0000000800000000)
  region size 2048K, 8 young (16384K), 8 survivors (16384K)
 Metaspace       used 150080K, committed 152448K, reserved 1179648K
  class space    used 21060K, committed 22208K, reserved 1048576K
}
Event: 70.751 GC heap before
{Heap before GC invocations=90 (full 0):
 garbage-first heap   total 811008K, used 746418K [0x0000000700000000, 0x0000000800000000)
  region size 2048K, 232 young (475136K), 8 survivors (16384K)
 Metaspace       used 150103K, committed 152512K, reserved 1179648K
  class space    used 21064K, committed 22208K, reserved 1048576K
}
Event: 70.771 GC heap after
{Heap after GC invocations=91 (full 0):
 garbage-first heap   total 811008K, used 292012K [0x0000000700000000, 0x0000000800000000)
  region size 2048K, 9 young (18432K), 9 survivors (18432K)
 Metaspace       used 150103K, committed 152512K, reserved 1179648K
  class space    used 21064K, committed 22208K, reserved 1048576K
}
Event: 71.769 GC heap before
{Heap before GC invocations=92 (full 0):
 garbage-first heap   total 811008K, used 746668K [0x0000000700000000, 0x0000000800000000)
  region size 2048K, 231 young (473088K), 9 survivors (18432K)
 Metaspace       used 150111K, committed 152512K, reserved 1179648K
  class space    used 21064K, committed 22208K, reserved 1048576K
}
Event: 71.785 GC heap after
{Heap after GC invocations=93 (full 0):
 garbage-first heap   total 811008K, used 293361K [0x0000000700000000, 0x0000000800000000)
  region size 2048K, 10 young (20480K), 10 survivors (20480K)
 Metaspace       used 150111K, committed 152512K, reserved 1179648K
  class space    used 21064K, committed 22208K, reserved 1048576K
}
Event: 72.527 GC heap before
{Heap before GC invocations=93 (full 0):
 garbage-first heap   total 811008K, used 741873K [0x0000000700000000, 0x0000000800000000)
  region size 2048K, 230 young (471040K), 10 survivors (20480K)
 Metaspace       used 150125K, committed 152512K, reserved 1179648K
  class space    used 21064K, committed 22208K, reserved 1048576K
}
Event: 72.718 GC heap after
{Heap after GC invocations=94 (full 0):
 garbage-first heap   total 811008K, used 284799K [0x0000000700000000, 0x0000000800000000)
  region size 2048K, 10 young (20480K), 10 survivors (20480K)
 Metaspace       used 150125K, committed 152512K, reserved 1179648K
  class space    used 21064K, committed 22208K, reserved 1048576K
}
Event: 73.413 GC heap before
{Heap before GC invocations=94 (full 0):
 garbage-first heap   total 811008K, used 743551K [0x0000000700000000, 0x0000000800000000)
  region size 2048K, 235 young (481280K), 10 survivors (20480K)
 Metaspace       used 150132K, committed 152512K, reserved 1179648K
  class space    used 21064K, committed 22208K, reserved 1048576K
}
Event: 73.431 GC heap after
{Heap after GC invocations=95 (full 0):
 garbage-first heap   total 811008K, used 286726K [0x0000000700000000, 0x0000000800000000)
  region size 2048K, 10 young (20480K), 10 survivors (20480K)
 Metaspace       used 150132K, committed 152512K, reserved 1179648K
  class space    used 21064K, committed 22208K, reserved 1048576K
}
Event: 74.727 GC heap before
{Heap before GC invocations=96 (full 0):
 garbage-first heap   total 811008K, used 749574K [0x0000000700000000, 0x0000000800000000)
  region size 2048K, 234 young (479232K), 10 survivors (20480K)
 Metaspace       used 150223K, committed 152576K, reserved 1179648K
  class space    used 21066K, committed 22208K, reserved 1048576K
}
Event: 74.745 GC heap after
{Heap after GC invocations=97 (full 0):
 garbage-first heap   total 811008K, used 294448K [0x0000000700000000, 0x0000000800000000)
  region size 2048K, 12 young (24576K), 12 survivors (24576K)
 Metaspace       used 150223K, committed 152576K, reserved 1179648K
  class space    used 21066K, committed 22208K, reserved 1048576K
}
Event: 76.024 GC heap before
{Heap before GC invocations=97 (full 0):
 garbage-first heap   total 811008K, used 745008K [0x0000000700000000, 0x0000000800000000)
  region size 2048K, 230 young (471040K), 12 survivors (24576K)
 Metaspace       used 150237K, committed 152640K, reserved 1179648K
  class space    used 21066K, committed 22208K, reserved 1048576K
}
Event: 76.277 GC heap after
{Heap after GC invocations=98 (full 0):
 garbage-first heap   total 811008K, used 272376K [0x0000000700000000, 0x0000000800000000)
  region size 2048K, 8 young (16384K), 8 survivors (16384K)
 Metaspace       used 150237K, committed 152640K, reserved 1179648K
  class space    used 21066K, committed 22208K, reserved 1048576K
}
Event: 78.225 GC heap before
{Heap before GC invocations=98 (full 0):
 garbage-first heap   total 811008K, used 741368K [0x0000000700000000, 0x0000000800000000)
  region size 2048K, 237 young (485376K), 8 survivors (16384K)
 Metaspace       used 150400K, committed 152832K, reserved 1179648K
  class space    used 21092K, committed 22272K, reserved 1048576K
}

