# JRE version: OpenJDK Runtime Environment (21.0.8) (build 21.0.8+-14196175-b1038.72)
# Java VM: OpenJDK 64-Bit Server VM (21.0.8+-14196175-b1038.72, mixed mode, tiered, compressed oops, compressed class ptrs, g1 gc, windows-amd64)
GC Precious Log:
 CardTable entry size: 512
 Card Set container configuration: InlinePtr #cards 4 size 8 Array Of Cards #cards 16 size 48 Howl #buckets 8 coarsen threshold 3686 Howl Bitmap #cards 512 size 80 coarsen threshold 460 Card regions per heap region 1 cards per card region 4096
 CPUs: 8 total, 8 available
 Memory: 7880M
 Large Page Support: Disabled
 NUMA Support: Disabled
 Compressed Oops: Enabled (Zero based)
 Heap Region Size: 2M
 Heap Min Capacity: 8M
 Heap Initial Capacity: 124M
 Heap Max Capacity: 4G
 Pre-touch: Disabled
 Parallel Workers: 8
 Concurrent Workers: 2
 Concurrent Refinement Workers: 8
 Periodic GC: Disabled
Heap:
 garbage-first heap   total 813056K, used 349982K [0x0000000700000000, 0x0000000800000000)
  region size 2048K, 11 young (22528K), 11 survivors (22528K)
 Metaspace       used 240251K, committed 243392K, reserved 1310720K
  class space    used 32042K, committed 33600K, reserved 1048576K
GC Heap History (20 events):
Event: 1295.618 GC heap after
{Heap after GC invocations=115 (full 0):
 garbage-first heap   total 813056K, used 246504K [0x0000000700000000, 0x0000000800000000)
  region size 2048K, 5 young (10240K), 5 survivors (10240K)
 Metaspace       used 188677K, committed 191360K, reserved 1245184K
  class space    used 25064K, committed 26368K, reserved 1048576K
}
Event: 1307.239 GC heap before
{Heap before GC invocations=115 (full 0):
 garbage-first heap   total 813056K, used 721640K [0x0000000700000000, 0x0000000800000000)
  region size 2048K, 238 young (487424K), 5 survivors (10240K)
 Metaspace       used 205539K, committed 208320K, reserved 1245184K
  class space    used 27139K, committed 28480K, reserved 1048576K
}
Event: 1307.327 GC heap after
{Heap after GC invocations=116 (full 0):
 garbage-first heap   total 813056K, used 265593K [0x0000000700000000, 0x0000000800000000)
  region size 2048K, 16 young (32768K), 16 survivors (32768K)
 Metaspace       used 205539K, committed 208320K, reserved 1245184K
  class space    used 27139K, committed 28480K, reserved 1048576K
}
Event: 1308.049 GC heap before
{Heap before GC invocations=116 (full 0):
 garbage-first heap   total 813056K, used 359801K [0x0000000700000000, 0x0000000800000000)
  region size 2048K, 63 young (129024K), 16 survivors (32768K)
 Metaspace       used 209841K, committed 212608K, reserved 1245184K
  class space    used 27695K, committed 29056K, reserved 1048576K
}
Event: 1308.153 GC heap after
{Heap after GC invocations=117 (full 0):
 garbage-first heap   total 813056K, used 280576K [0x0000000700000000, 0x0000000800000000)
  region size 2048K, 8 young (16384K), 8 survivors (16384K)
 Metaspace       used 209841K, committed 212608K, reserved 1245184K
  class space    used 27695K, committed 29056K, reserved 1048576K
}
Event: 1308.883 GC heap before
{Heap before GC invocations=117 (full 0):
 garbage-first heap   total 813056K, used 335872K [0x0000000700000000, 0x0000000800000000)
  region size 2048K, 35 young (71680K), 8 survivors (16384K)
 Metaspace       used 210860K, committed 213632K, reserved 1245184K
  class space    used 27869K, committed 29248K, reserved 1048576K
}
Event: 1308.960 GC heap after
{Heap after GC invocations=118 (full 0):
 garbage-first heap   total 813056K, used 291319K [0x0000000700000000, 0x0000000800000000)
  region size 2048K, 5 young (10240K), 5 survivors (10240K)
 Metaspace       used 210860K, committed 213632K, reserved 1245184K
  class space    used 27869K, committed 29248K, reserved 1048576K
}
Event: 1309.950 GC heap before
{Heap before GC invocations=118 (full 0):
 garbage-first heap   total 813056K, used 406007K [0x0000000700000000, 0x0000000800000000)
  region size 2048K, 62 young (126976K), 5 survivors (10240K)
 Metaspace       used 213231K, committed 216000K, reserved 1245184K
  class space    used 28388K, committed 29760K, reserved 1048576K
}
Event: 1310.085 GC heap after
{Heap after GC invocations=119 (full 0):
 garbage-first heap   total 813056K, used 307980K [0x0000000700000000, 0x0000000800000000)
  region size 2048K, 8 young (16384K), 8 survivors (16384K)
 Metaspace       used 213231K, committed 216000K, reserved 1245184K
  class space    used 28388K, committed 29760K, reserved 1048576K
}
Event: 1313.764 GC heap before
{Heap before GC invocations=120 (full 0):
 garbage-first heap   total 813056K, used 367372K [0x0000000700000000, 0x0000000800000000)
  region size 2048K, 37 young (75776K), 8 survivors (16384K)
 Metaspace       used 218585K, committed 221376K, reserved 1245184K
  class space    used 29323K, committed 30720K, reserved 1048576K
}
Event: 1313.800 GC heap after
{Heap after GC invocations=121 (full 0):
 garbage-first heap   total 813056K, used 319265K [0x0000000700000000, 0x0000000800000000)
  region size 2048K, 4 young (8192K), 4 survivors (8192K)
 Metaspace       used 218585K, committed 221376K, reserved 1245184K
  class space    used 29323K, committed 30720K, reserved 1048576K
}
Event: 1319.787 GC heap before
{Heap before GC invocations=121 (full 0):
 garbage-first heap   total 813056K, used 743201K [0x0000000700000000, 0x0000000800000000)
  region size 2048K, 212 young (434176K), 4 survivors (8192K)
 Metaspace       used 229718K, committed 232512K, reserved 1310720K
  class space    used 30826K, committed 32192K, reserved 1048576K
}
Event: 1319.819 GC heap after
{Heap after GC invocations=122 (full 0):
 garbage-first heap   total 813056K, used 322431K [0x0000000700000000, 0x0000000800000000)
  region size 2048K, 7 young (14336K), 7 survivors (14336K)
 Metaspace       used 229718K, committed 232512K, reserved 1310720K
  class space    used 30826K, committed 32192K, reserved 1048576K
}
Event: 1322.517 GC heap before
{Heap before GC invocations=122 (full 0):
 garbage-first heap   total 813056K, used 754559K [0x0000000700000000, 0x0000000800000000)
  region size 2048K, 218 young (446464K), 7 survivors (14336K)
 Metaspace       used 235628K, committed 238592K, reserved 1310720K
  class space    used 31427K, committed 32896K, reserved 1048576K
}
Event: 1322.565 GC heap after
{Heap after GC invocations=123 (full 0):
 garbage-first heap   total 813056K, used 336034K [0x0000000700000000, 0x0000000800000000)
  region size 2048K, 13 young (26624K), 13 survivors (26624K)
 Metaspace       used 235628K, committed 238592K, reserved 1310720K
  class space    used 31427K, committed 32896K, reserved 1048576K
}
Event: 1322.724 GC heap before
{Heap before GC invocations=123 (full 0):
 garbage-first heap   total 813056K, used 381090K [0x0000000700000000, 0x0000000800000000)
  region size 2048K, 35 young (71680K), 13 survivors (26624K)
 Metaspace       used 236011K, committed 239040K, reserved 1310720K
  class space    used 31476K, committed 32960K, reserved 1048576K
}
Event: 1322.750 GC heap after
{Heap after GC invocations=124 (full 0):
 garbage-first heap   total 813056K, used 340386K [0x0000000700000000, 0x0000000800000000)
  region size 2048K, 3 young (6144K), 3 survivors (6144K)
 Metaspace       used 236011K, committed 239040K, reserved 1310720K
  class space    used 31476K, committed 32960K, reserved 1048576K
}
Event: 1325.333 GC heap before
{Heap before GC invocations=125 (full 0):
 garbage-first heap   total 813056K, used 749986K [0x0000000700000000, 0x0000000800000000)
  region size 2048K, 204 young (417792K), 3 survivors (6144K)
 Metaspace       used 238725K, committed 241856K, reserved 1310720K
  class space    used 31863K, committed 33408K, reserved 1048576K
}
Event: 1325.490 GC heap after
{Heap after GC invocations=126 (full 0):
 garbage-first heap   total 813056K, used 356683K [0x0000000700000000, 0x0000000800000000)
  region size 2048K, 11 young (22528K), 11 survivors (22528K)
 Metaspace       used 238725K, committed 241856K, reserved 1310720K
  class space    used 31863K, committed 33408K, reserved 1048576K
}
Event: 1326.648 GC heap before
{Heap before GC invocations=126 (full 0):
 garbage-first heap   total 813056K, used 743755K [0x0000000700000000, 0x0000000800000000)
  region size 2048K, 201 young (411648K), 11 survivors (22528K)
 Metaspace       used 240251K, committed 243392K, reserved 1310720K
  class space    used 32042K, committed 33600K, reserved 1048576K
}

