# JRE version: OpenJDK Runtime Environment (21.0.8) (build 21.0.8+-14196175-b1038.72)
# Java VM: OpenJDK 64-Bit Server VM (21.0.8+-14196175-b1038.72, mixed mode, tiered, compressed oops, compressed class ptrs, g1 gc, windows-amd64)
GC Precious Log:
 CardTable entry size: 512
 Card Set container configuration: InlinePtr #cards 5 size 8 Array Of Cards #cards 12 size 40 Howl #buckets 4 coarsen threshold 1843 Howl Bitmap #cards 512 size 80 coarsen threshold 460 Card regions per heap region 1 cards per card region 2048
 CPUs: 8 total, 8 available
 Memory: 7880M
 Large Page Support: Disabled
 NUMA Support: Disabled
 Compressed Oops: Enabled (32-bit)
 Heap Region Size: 1M
 Heap Min Capacity: 8M
 Heap Initial Capacity: 124M
 Heap Max Capacity: 2G
 Pre-touch: Disabled
 Parallel Workers: 8
 Concurrent Workers: 2
 Concurrent Refinement Workers: 8
 Periodic GC: Disabled
Heap:
 garbage-first heap   total 205824K, used 181947K [0x0000000080000000, 0x0000000100000000)
  region size 1024K, 9 young (9216K), 6 survivors (6144K)
 Metaspace       used 122823K, committed 124992K, reserved 1179648K
  class space    used 17138K, committed 18176K, reserved 1048576K
GC Heap History (20 events):
Event: 33.584 GC heap before
{Heap before GC invocations=50 (full 0):
 garbage-first heap   total 165888K, used 150795K [0x0000000080000000, 0x0000000100000000)
  region size 1024K, 56 young (57344K), 5 survivors (5120K)
 Metaspace       used 108744K, committed 110784K, reserved 1179648K
  class space    used 15289K, committed 16256K, reserved 1048576K
}
Event: 33.590 GC heap after
{Heap after GC invocations=51 (full 0):
 garbage-first heap   total 165888K, used 101829K [0x0000000080000000, 0x0000000100000000)
  region size 1024K, 6 young (6144K), 6 survivors (6144K)
 Metaspace       used 108744K, committed 110784K, reserved 1179648K
  class space    used 15289K, committed 16256K, reserved 1048576K
}
Event: 34.711 GC heap before
{Heap before GC invocations=52 (full 0):
 garbage-first heap   total 171008K, used 149957K [0x0000000080000000, 0x0000000100000000)
  region size 1024K, 53 young (54272K), 6 survivors (6144K)
 Metaspace       used 112035K, committed 114112K, reserved 1179648K
  class space    used 15848K, committed 16832K, reserved 1048576K
}
Event: 34.719 GC heap after
{Heap after GC invocations=53 (full 0):
 garbage-first heap   total 171008K, used 104199K [0x0000000080000000, 0x0000000100000000)
  region size 1024K, 6 young (6144K), 6 survivors (6144K)
 Metaspace       used 112035K, committed 114112K, reserved 1179648K
  class space    used 15848K, committed 16832K, reserved 1048576K
}
Event: 35.830 GC heap before
{Heap before GC invocations=53 (full 0):
 garbage-first heap   total 171008K, used 153351K [0x0000000080000000, 0x0000000100000000)
  region size 1024K, 55 young (56320K), 6 survivors (6144K)
 Metaspace       used 116225K, committed 118336K, reserved 1179648K
  class space    used 16333K, committed 17344K, reserved 1048576K
}
Event: 35.843 GC heap after
{Heap after GC invocations=54 (full 0):
 garbage-first heap   total 171008K, used 108544K [0x0000000080000000, 0x0000000100000000)
  region size 1024K, 7 young (7168K), 7 survivors (7168K)
 Metaspace       used 116225K, committed 118336K, reserved 1179648K
  class space    used 16333K, committed 17344K, reserved 1048576K
}
Event: 36.070 GC heap before
{Heap before GC invocations=54 (full 0):
 garbage-first heap   total 171008K, used 116736K [0x0000000080000000, 0x0000000100000000)
  region size 1024K, 17 young (17408K), 7 survivors (7168K)
 Metaspace       used 116644K, committed 118720K, reserved 1179648K
  class space    used 16370K, committed 17344K, reserved 1048576K
}
Event: 36.080 GC heap after
{Heap after GC invocations=55 (full 0):
 garbage-first heap   total 171008K, used 111828K [0x0000000080000000, 0x0000000100000000)
  region size 1024K, 4 young (4096K), 4 survivors (4096K)
 Metaspace       used 116644K, committed 118720K, reserved 1179648K
  class space    used 16370K, committed 17344K, reserved 1048576K
}
Event: 37.598 GC heap before
{Heap before GC invocations=56 (full 0):
 garbage-first heap   total 196608K, used 151764K [0x0000000080000000, 0x0000000100000000)
  region size 1024K, 39 young (39936K), 4 survivors (4096K)
 Metaspace       used 119996K, committed 122176K, reserved 1179648K
  class space    used 16795K, committed 17856K, reserved 1048576K
}
Event: 37.608 GC heap after
{Heap after GC invocations=57 (full 0):
 garbage-first heap   total 196608K, used 116726K [0x0000000080000000, 0x0000000100000000)
  region size 1024K, 5 young (5120K), 5 survivors (5120K)
 Metaspace       used 119996K, committed 122176K, reserved 1179648K
  class space    used 16795K, committed 17856K, reserved 1048576K
}
Event: 38.080 GC heap before
{Heap before GC invocations=57 (full 0):
 garbage-first heap   total 196608K, used 165878K [0x0000000080000000, 0x0000000100000000)
  region size 1024K, 54 young (55296K), 5 survivors (5120K)
 Metaspace       used 120008K, committed 122176K, reserved 1179648K
  class space    used 16797K, committed 17856K, reserved 1048576K
}
Event: 38.091 GC heap after
{Heap after GC invocations=58 (full 0):
 garbage-first heap   total 196608K, used 118524K [0x0000000080000000, 0x0000000100000000)
  region size 1024K, 4 young (4096K), 4 survivors (4096K)
 Metaspace       used 120008K, committed 122176K, reserved 1179648K
  class space    used 16797K, committed 17856K, reserved 1048576K
}
Event: 38.829 GC heap before
{Heap before GC invocations=58 (full 0):
 garbage-first heap   total 196608K, used 168700K [0x0000000080000000, 0x0000000100000000)
  region size 1024K, 54 young (55296K), 4 survivors (4096K)
 Metaspace       used 120064K, committed 122240K, reserved 1179648K
  class space    used 16800K, committed 17856K, reserved 1048576K
}
Event: 38.836 GC heap after
{Heap after GC invocations=59 (full 0):
 garbage-first heap   total 196608K, used 120078K [0x0000000080000000, 0x0000000100000000)
  region size 1024K, 6 young (6144K), 6 survivors (6144K)
 Metaspace       used 120064K, committed 122240K, reserved 1179648K
  class space    used 16800K, committed 17856K, reserved 1048576K
}
Event: 40.060 GC heap before
{Heap before GC invocations=60 (full 0):
 garbage-first heap   total 203776K, used 174350K [0x0000000080000000, 0x0000000100000000)
  region size 1024K, 57 young (58368K), 6 survivors (6144K)
 Metaspace       used 121223K, committed 123328K, reserved 1179648K
  class space    used 16956K, committed 17984K, reserved 1048576K
}
Event: 40.071 GC heap after
{Heap after GC invocations=61 (full 0):
 garbage-first heap   total 203776K, used 129854K [0x0000000080000000, 0x0000000100000000)
  region size 1024K, 8 young (8192K), 8 survivors (8192K)
 Metaspace       used 121223K, committed 123328K, reserved 1179648K
  class space    used 16956K, committed 17984K, reserved 1048576K
}
Event: 41.363 GC heap before
{Heap before GC invocations=61 (full 0):
 garbage-first heap   total 203776K, used 179006K [0x0000000080000000, 0x0000000100000000)
  region size 1024K, 56 young (57344K), 8 survivors (8192K)
 Metaspace       used 122761K, committed 124928K, reserved 1179648K
  class space    used 17136K, committed 18176K, reserved 1048576K
}
Event: 41.382 GC heap after
{Heap after GC invocations=62 (full 0):
 garbage-first heap   total 205824K, used 140569K [0x0000000080000000, 0x0000000100000000)
  region size 1024K, 7 young (7168K), 7 survivors (7168K)
 Metaspace       used 122761K, committed 124928K, reserved 1179648K
  class space    used 17136K, committed 18176K, reserved 1048576K
}
Event: 41.886 GC heap before
{Heap before GC invocations=62 (full 0):
 garbage-first heap   total 205824K, used 174361K [0x0000000080000000, 0x0000000100000000)
  region size 1024K, 42 young (43008K), 7 survivors (7168K)
 Metaspace       used 122823K, committed 124992K, reserved 1179648K
  class space    used 17138K, committed 18176K, reserved 1048576K
}
Event: 41.899 GC heap after
{Heap after GC invocations=63 (full 0):
 garbage-first heap   total 205824K, used 154299K [0x0000000080000000, 0x0000000100000000)
  region size 1024K, 6 young (6144K), 6 survivors (6144K)
 Metaspace       used 122823K, committed 124992K, reserved 1179648K
  class space    used 17138K, committed 18176K, reserved 1048576K
}

