# JRE version: OpenJDK Runtime Environment (21.0.8) (build 21.0.8+-14196175-b1038.72)
# Java VM: OpenJDK 64-Bit Server VM (21.0.8+-14196175-b1038.72, mixed mode, tiered, compressed oops, compressed class ptrs, g1 gc, windows-amd64)
GC Precious Log:
 CardTable entry size: 512
 Card Set container configuration: InlinePtr #cards 4 size 8 Array Of Cards #cards 16 size 48 Howl #buckets 8 coarsen threshold 3686 Howl Bitmap #cards 512 size 80 coarsen threshold 460 Card regions per heap region 1 cards per card region 4096
 CPUs: 8 total, 8 available
 Memory: 7880M
 Large Page Support: Disabled
 NUMA Support: Disabled
 Compressed Oops: Enabled (Zero based)
 Heap Region Size: 2M
 Heap Min Capacity: 8M
 Heap Initial Capacity: 124M
 Heap Max Capacity: 4G
 Pre-touch: Disabled
 Parallel Workers: 8
 Concurrent Workers: 2
 Concurrent Refinement Workers: 8
 Periodic GC: Disabled
Heap:
 garbage-first heap   total 460800K, used 317322K [0x0000000700000000, 0x0000000800000000)
  region size 2048K, 16 young (32768K), 4 survivors (8192K)
 Metaspace       used 278402K, committed 281152K, reserved 1310720K
  class space    used 34941K, committed 36288K, reserved 1048576K
GC Heap History (20 events):
Event: 104.779 GC heap before
{Heap before GC invocations=74 (full 0):
 garbage-first heap   total 323584K, used 291286K [0x0000000700000000, 0x0000000800000000)
  region size 2048K, 36 young (73728K), 6 survivors (12288K)
 Metaspace       used 241472K, committed 244224K, reserved 1310720K
  class space    used 31839K, committed 33216K, reserved 1048576K
}
Event: 104.797 GC heap after
{Heap after GC invocations=75 (full 0):
 garbage-first heap   total 323584K, used 239278K [0x0000000700000000, 0x0000000800000000)
  region size 2048K, 4 young (8192K), 4 survivors (8192K)
 Metaspace       used 241472K, committed 244224K, reserved 1310720K
  class space    used 31839K, committed 33216K, reserved 1048576K
}
Event: 108.183 GC heap before
{Heap before GC invocations=76 (full 0):
 garbage-first heap   total 403456K, used 290478K [0x0000000700000000, 0x0000000800000000)
  region size 2048K, 29 young (59392K), 4 survivors (8192K)
 Metaspace       used 235145K, committed 239744K, reserved 1310720K
  class space    used 30961K, committed 32704K, reserved 1048576K
}
Event: 108.200 GC heap after
{Heap after GC invocations=77 (full 0):
 garbage-first heap   total 403456K, used 247739K [0x0000000700000000, 0x0000000800000000)
  region size 2048K, 4 young (8192K), 4 survivors (8192K)
 Metaspace       used 235145K, committed 239744K, reserved 1310720K
  class space    used 30961K, committed 32704K, reserved 1048576K
}
Event: 113.338 GC heap before
{Heap before GC invocations=77 (full 0):
 garbage-first heap   total 403456K, used 362427K [0x0000000700000000, 0x0000000800000000)
  region size 2048K, 61 young (124928K), 4 survivors (8192K)
 Metaspace       used 240031K, committed 242816K, reserved 1310720K
  class space    used 31307K, committed 32704K, reserved 1048576K
}
Event: 113.365 GC heap after
{Heap after GC invocations=78 (full 0):
 garbage-first heap   total 403456K, used 236688K [0x0000000700000000, 0x0000000800000000)
  region size 2048K, 8 young (16384K), 8 survivors (16384K)
 Metaspace       used 240031K, committed 242816K, reserved 1310720K
  class space    used 31307K, committed 32704K, reserved 1048576K
}
Event: 114.915 GC heap before
{Heap before GC invocations=78 (full 0):
 garbage-first heap   total 403456K, used 318608K [0x0000000700000000, 0x0000000800000000)
  region size 2048K, 49 young (100352K), 8 survivors (16384K)
 Metaspace       used 245165K, committed 247872K, reserved 1310720K
  class space    used 31806K, committed 33152K, reserved 1048576K
}
Event: 114.949 GC heap after
{Heap after GC invocations=79 (full 0):
 garbage-first heap   total 403456K, used 252523K [0x0000000700000000, 0x0000000800000000)
  region size 2048K, 7 young (14336K), 7 survivors (14336K)
 Metaspace       used 245165K, committed 247872K, reserved 1310720K
  class space    used 31806K, committed 33152K, reserved 1048576K
}
Event: 120.305 GC heap before
{Heap before GC invocations=80 (full 0):
 garbage-first heap   total 423936K, used 352875K [0x0000000700000000, 0x0000000800000000)
  region size 2048K, 56 young (114688K), 7 survivors (14336K)
 Metaspace       used 248934K, committed 251648K, reserved 1310720K
  class space    used 32054K, committed 33408K, reserved 1048576K
}
Event: 120.347 GC heap after
{Heap after GC invocations=81 (full 0):
 garbage-first heap   total 423936K, used 272124K [0x0000000700000000, 0x0000000800000000)
  region size 2048K, 7 young (14336K), 7 survivors (14336K)
 Metaspace       used 248934K, committed 251648K, reserved 1310720K
  class space    used 32054K, committed 33408K, reserved 1048576K
}
Event: 124.178 GC heap before
{Heap before GC invocations=81 (full 0):
 garbage-first heap   total 423936K, used 372476K [0x0000000700000000, 0x0000000800000000)
  region size 2048K, 56 young (114688K), 7 survivors (14336K)
 Metaspace       used 257651K, committed 260416K, reserved 1310720K
  class space    used 32854K, committed 34240K, reserved 1048576K
}
Event: 124.204 GC heap after
{Heap after GC invocations=82 (full 0):
 garbage-first heap   total 423936K, used 273946K [0x0000000700000000, 0x0000000800000000)
  region size 2048K, 4 young (8192K), 4 survivors (8192K)
 Metaspace       used 257651K, committed 260416K, reserved 1310720K
  class space    used 32854K, committed 34240K, reserved 1048576K
}
Event: 126.502 GC heap before
{Heap before GC invocations=82 (full 0):
 garbage-first heap   total 423936K, used 374298K [0x0000000700000000, 0x0000000800000000)
  region size 2048K, 54 young (110592K), 4 survivors (8192K)
 Metaspace       used 259466K, committed 262208K, reserved 1310720K
  class space    used 32926K, committed 34304K, reserved 1048576K
}
Event: 126.517 GC heap after
{Heap after GC invocations=83 (full 0):
 garbage-first heap   total 423936K, used 275936K [0x0000000700000000, 0x0000000800000000)
  region size 2048K, 5 young (10240K), 5 survivors (10240K)
 Metaspace       used 259466K, committed 262208K, reserved 1310720K
  class space    used 32926K, committed 34304K, reserved 1048576K
}
Event: 131.574 GC heap before
{Heap before GC invocations=84 (full 0):
 garbage-first heap   total 460800K, used 386528K [0x0000000700000000, 0x0000000800000000)
  region size 2048K, 59 young (120832K), 5 survivors (10240K)
 Metaspace       used 266960K, committed 269760K, reserved 1310720K
  class space    used 33544K, committed 34944K, reserved 1048576K
}
Event: 131.627 GC heap after
{Heap after GC invocations=85 (full 0):
 garbage-first heap   total 460800K, used 283128K [0x0000000700000000, 0x0000000800000000)
  region size 2048K, 6 young (12288K), 6 survivors (12288K)
 Metaspace       used 266960K, committed 269760K, reserved 1310720K
  class space    used 33544K, committed 34944K, reserved 1048576K
}
Event: 149.546 GC heap before
{Heap before GC invocations=85 (full 0):
 garbage-first heap   total 460800K, used 420344K [0x0000000700000000, 0x0000000800000000)
  region size 2048K, 71 young (145408K), 6 survivors (12288K)
 Metaspace       used 275422K, committed 278208K, reserved 1310720K
  class space    used 34626K, committed 35968K, reserved 1048576K
}
Event: 149.602 GC heap after
{Heap after GC invocations=86 (full 0):
 garbage-first heap   total 460800K, used 295846K [0x0000000700000000, 0x0000000800000000)
  region size 2048K, 9 young (18432K), 9 survivors (18432K)
 Metaspace       used 275422K, committed 278208K, reserved 1310720K
  class space    used 34626K, committed 35968K, reserved 1048576K
}
Event: 168.756 GC heap before
{Heap before GC invocations=86 (full 0):
 garbage-first heap   total 460800K, used 414630K [0x0000000700000000, 0x0000000800000000)
  region size 2048K, 68 young (139264K), 9 survivors (18432K)
 Metaspace       used 278229K, committed 281024K, reserved 1310720K
  class space    used 34906K, committed 36288K, reserved 1048576K
}
Event: 168.790 GC heap after
{Heap after GC invocations=87 (full 0):
 garbage-first heap   total 460800K, used 296842K [0x0000000700000000, 0x0000000800000000)
  region size 2048K, 4 young (8192K), 4 survivors (8192K)
 Metaspace       used 278229K, committed 281024K, reserved 1310720K
  class space    used 34906K, committed 36288K, reserved 1048576K
}

